<?xml version="1.0" encoding="UTF-8"?>
<coverage generated="1788512433158" clover="3.2.0">
  <project timestamp="1788512433158" name="All files">
    <metrics statements="394" coveredstatements="384" conditionals="214" coveredconditionals="191" methods="160" coveredmethods="149" elements="768" coveredelements="724" complexity="0" loc="394" ncloc="394" packages="1" files="20" classes="20"/>
    <file name="App.tsx" path="/Users/vlumi/src/vlumi/nebulosa/src/App.tsx">
      <metrics statements="57" coveredstatements="57" conditionals="41" coveredconditionals="36" methods="21" coveredmethods="21"/>
      <line num="19" count="1" type="stmt"/>
      <line num="22" count="38" type="stmt"/>
      <line num="23" count="38" type="stmt"/>
      <line num="24" count="38" type="stmt"/>
      <line num="25" count="38" type="stmt"/>
      <line num="26" count="38" type="stmt"/>
      <line num="27" count="38" type="stmt"/>
      <line num="28" count="38" type="stmt"/>
      <line num="29" count="38" type="stmt"/>
      <line num="30" count="38" type="stmt"/>
      <line num="31" count="38" type="stmt"/>
      <line num="32" count="38" type="stmt"/>
      <line num="33" count="38" type="stmt"/>
      <line num="36" count="38" type="stmt"/>
      <line num="37" count="38" type="stmt"/>
      <line num="38" count="38" type="stmt"/>
      <line num="39" count="1" type="stmt"/>
      <line num="40" count="1" type="cond" truecount="3" falsecount="1"/>
      <line num="42" count="38" type="stmt"/>
      <line num="43" count="1" type="stmt"/>
      <line num="44" count="1" type="cond" truecount="3" falsecount="1"/>
      <line num="46" count="38" type="stmt"/>
      <line num="48" count="38" type="stmt"/>
      <line num="49" count="7" type="stmt"/>
      <line num="50" count="6" type="stmt"/>
      <line num="51" count="1" type="cond" truecount="1" falsecount="1"/>
      <line num="54" count="38" type="stmt"/>
      <line num="55" count="7" type="stmt"/>
      <line num="56" count="1" type="cond" truecount="1" falsecount="1"/>
      <line num="57" count="1" type="stmt"/>
      <line num="58" count="1" type="stmt"/>
      <line num="61" count="7" type="stmt"/>
      <line num="62" count="7" type="stmt"/>
      <line num="65" count="38" type="stmt"/>
      <line num="66" count="6" type="stmt"/>
      <line num="67" count="6" type="stmt"/>
      <line num="70" count="38" type="stmt"/>
      <line num="71" count="6" type="stmt"/>
      <line num="72" count="6" type="cond" truecount="4" falsecount="0"/>
      <line num="75" count="38" type="cond" truecount="4" falsecount="0"/>
      <line num="76" count="433" type="stmt"/>
      <line num="79" count="38" type="stmt"/>
      <line num="80" count="38" type="stmt"/>
      <line num="81" count="14" type="stmt"/>
      <line num="84" count="38" type="stmt"/>
      <line num="85" count="38" type="stmt"/>
      <line num="86" count="300" type="cond" truecount="4" falsecount="0"/>
      <line num="88" count="224" type="cond" truecount="1" falsecount="1"/>
      <line num="90" count="38" type="stmt"/>
      <line num="91" count="1" type="stmt"/>
      <line num="92" count="1" type="stmt"/>
      <line num="95" count="38" type="stmt"/>
      <line num="96" count="1" type="stmt"/>
      <line num="97" count="1" type="stmt"/>
      <line num="98" count="1" type="stmt"/>
      <line num="101" count="38" type="stmt"/>
      <line num="130" count="60" type="stmt"/>
    </file>
    <file name="Disclosure.tsx" path="/Users/vlumi/src/vlumi/nebulosa/src/Disclosure.tsx">
      <metrics statements="2" coveredstatements="2" conditionals="2" coveredconditionals="2" methods="2" coveredmethods="2"/>
      <line num="12" count="68" type="stmt"/>
      <line num="14" count="2" type="stmt"/>
    </file>
    <file name="MapView.tsx" path="/Users/vlumi/src/vlumi/nebulosa/src/MapView.tsx">
      <metrics statements="45" coveredstatements="44" conditionals="27" coveredconditionals="22" methods="13" coveredmethods="12"/>
      <line num="12" count="2" type="stmt"/>
      <line num="15" count="2" type="stmt"/>
      <line num="50" count="48" type="stmt"/>
      <line num="51" count="48" type="stmt"/>
      <line num="52" count="48" type="stmt"/>
      <line num="53" count="48" type="stmt"/>
      <line num="54" count="48" type="stmt"/>
      <line num="57" count="48" type="stmt"/>
      <line num="58" count="48" type="stmt"/>
      <line num="59" count="48" type="stmt"/>
      <line num="63" count="48" type="stmt"/>
      <line num="64" count="48" type="stmt"/>
      <line num="65" count="18" type="stmt"/>
      <line num="68" count="48" type="stmt"/>
      <line num="70" count="48" type="stmt"/>
      <line num="71" count="11" type="stmt"/>
      <line num="77" count="11" type="stmt"/>
      <line num="78" count="11" type="stmt"/>
      <line num="82" count="2" type="cond" truecount="2" falsecount="0"/>
      <line num="84" count="4" type="stmt"/>
      <line num="85" count="4" type="cond" truecount="2" falsecount="0"/>
      <line num="90" count="2" type="stmt"/>
      <line num="92" count="4" type="cond" truecount="4" falsecount="0"/>
      <line num="94" count="0" type="cond" truecount="0" falsecount="4"/>
      <line num="96" count="11" type="stmt"/>
      <line num="97" count="11" type="stmt"/>
      <line num="100" count="11" type="stmt"/>
      <line num="101" count="1" type="stmt"/>
      <line num="102" count="1" type="stmt"/>
      <line num="104" count="11" type="stmt"/>
      <line num="105" count="11" type="stmt"/>
      <line num="106" count="11" type="stmt"/>
      <line num="107" count="11" type="stmt"/>
      <line num="108" count="11" type="stmt"/>
      <line num="114" count="48" type="stmt"/>
      <line num="115" count="11" type="stmt"/>
      <line num="118" count="48" type="stmt"/>
      <line num="119" count="24" type="cond" truecount="2" falsecount="0"/>
      <line num="120" count="12" type="stmt"/>
      <line num="121" count="7" type="cond" truecount="2" falsecount="0"/>
      <line num="122" count="24" type="cond" truecount="2" falsecount="0"/>
      <line num="123" count="24" type="cond" truecount="2" falsecount="0"/>
      <line num="126" count="48" type="stmt"/>
      <line num="127" count="37" type="stmt"/>
      <line num="130" count="48" type="stmt"/>
    </file>
    <file name="PassList.tsx" path="/Users/vlumi/src/vlumi/nebulosa/src/PassList.tsx">
      <metrics statements="9" coveredstatements="9" conditionals="8" coveredconditionals="7" methods="9" coveredmethods="9"/>
      <line num="39" count="30" type="stmt"/>
      <line num="49" count="1" type="stmt"/>
      <line num="52" count="120" type="stmt"/>
      <line num="63" count="1" type="stmt"/>
      <line num="66" count="150" type="stmt"/>
      <line num="74" count="2" type="stmt"/>
      <line num="83" count="241" type="stmt"/>
      <line num="88" count="2" type="stmt"/>
      <line num="105" count="2" type="stmt"/>
    </file>
    <file name="SatelliteList.tsx" path="/Users/vlumi/src/vlumi/nebulosa/src/SatelliteList.tsx">
      <metrics statements="16" coveredstatements="16" conditionals="10" coveredconditionals="10" methods="11" coveredmethods="11"/>
      <line num="16" count="310" type="cond" truecount="2" falsecount="0"/>
      <line num="19" count="62" type="stmt"/>
      <line num="20" count="31" type="stmt"/>
      <line num="24" count="62" type="stmt"/>
      <line num="25" count="62" type="stmt"/>
      <line num="26" count="62" type="stmt"/>
      <line num="28" count="4" type="cond" truecount="2" falsecount="0"/>
      <line num="46" count="1" type="stmt"/>
      <line num="49" count="155" type="stmt"/>
      <line num="57" count="1" type="stmt"/>
      <line num="60" count="155" type="stmt"/>
      <line num="74" count="10" type="stmt"/>
      <line num="75" count="10" type="stmt"/>
      <line num="76" count="10" type="stmt"/>
      <line num="84" count="10" type="stmt"/>
      <line num="87" count="60" type="stmt"/>
    </file>
    <file name="TimeBar.tsx" path="/Users/vlumi/src/vlumi/nebulosa/src/TimeBar.tsx">
      <metrics statements="16" coveredstatements="16" conditionals="10" coveredconditionals="10" methods="7" coveredmethods="7"/>
      <line num="4" count="2" type="stmt"/>
      <line num="5" count="2" type="stmt"/>
      <line num="14" count="43" type="stmt"/>
      <line num="15" count="43" type="stmt"/>
      <line num="16" count="43" type="stmt"/>
      <line num="17" count="43" type="stmt"/>
      <line num="19" count="43" type="stmt"/>
      <line num="21" count="1" type="stmt"/>
      <line num="27" count="2" type="cond" truecount="2" falsecount="0"/>
      <line num="34" count="1" type="stmt"/>
      <line num="37" count="172" type="stmt"/>
      <line num="49" count="1" type="stmt"/>
      <line num="56" count="2" type="cond" truecount="2" falsecount="0"/>
      <line num="57" count="1" type="stmt"/>
      <line num="58" count="1" type="stmt"/>
      <line num="59" count="1" type="stmt"/>
    </file>
    <file name="clock.ts" path="/Users/vlumi/src/vlumi/nebulosa/src/clock.ts">
      <metrics statements="6" coveredstatements="6" conditionals="2" coveredconditionals="2" methods="5" coveredmethods="5"/>
      <line num="11" count="3" type="stmt"/>
      <line num="14" count="18" type="stmt"/>
      <line num="18" count="142" type="stmt"/>
      <line num="22" count="11" type="stmt"/>
      <line num="26" count="5" type="stmt"/>
      <line num="30" count="46" type="cond" truecount="2" falsecount="0"/>
    </file>
    <file name="describe.ts" path="/Users/vlumi/src/vlumi/nebulosa/src/describe.ts">
      <metrics statements="9" coveredstatements="9" conditionals="2" coveredconditionals="2" methods="2" coveredmethods="2"/>
      <line num="3" count="3" type="stmt"/>
      <line num="4" count="3" type="stmt"/>
      <line num="19" count="13" type="stmt"/>
      <line num="20" count="13" type="stmt"/>
      <line num="21" count="13" type="stmt"/>
      <line num="22" count="13" type="stmt"/>
      <line num="35" count="12" type="stmt"/>
      <line num="36" count="12" type="stmt"/>
      <line num="37" count="12" type="cond" truecount="2" falsecount="0"/>
    </file>
    <file name="elements.ts" path="/Users/vlumi/src/vlumi/nebulosa/src/elements.ts">
      <metrics statements="5" coveredstatements="5" conditionals="4" coveredconditionals="4" methods="4" coveredmethods="4"/>
      <line num="23" count="7" type="stmt"/>
      <line num="24" count="7" type="cond" truecount="2" falsecount="0"/>
      <line num="25" count="6" type="stmt"/>
      <line num="29" count="159" type="cond" truecount="2" falsecount="0"/>
      <line num="33" count="124" type="stmt"/>
    </file>
    <file name="format.ts" path="/Users/vlumi/src/vlumi/nebulosa/src/format.ts">
      <metrics statements="26" coveredstatements="26" conditionals="16" coveredconditionals="16" methods="12" coveredmethods="12"/>
      <line num="3" count="7" type="stmt"/>
      <line num="4" count="7" type="stmt"/>
      <line num="6" count="855" type="stmt"/>
      <line num="9" count="725" type="stmt"/>
      <line num="12" count="7" type="stmt"/>
      <line num="15" count="42" type="stmt"/>
      <line num="18" count="44" type="stmt"/>
      <line num="21" count="43" type="stmt"/>
      <line num="25" count="30" type="stmt"/>
      <line num="26" count="30" type="stmt"/>
      <line num="29" count="482" type="stmt"/>
      <line num="32" count="74" type="stmt"/>
      <line num="33" count="74" type="cond" truecount="2" falsecount="0"/>
      <line num="34" count="73" type="cond" truecount="2" falsecount="0"/>
      <line num="35" count="1" type="stmt"/>
      <line num="40" count="48" type="stmt"/>
      <line num="41" count="48" type="cond" truecount="2" falsecount="0"/>
      <line num="42" count="6" type="cond" truecount="2" falsecount="0"/>
      <line num="43" count="48" type="stmt"/>
      <line num="44" count="48" type="stmt"/>
      <line num="45" count="48" type="stmt"/>
      <line num="46" count="48" type="cond" truecount="4" falsecount="0"/>
      <line num="47" count="48" type="stmt"/>
      <line num="51" count="62" type="cond" truecount="4" falsecount="0"/>
      <line num="54" count="7" type="stmt"/>
      <line num="58" count="246" type="stmt"/>
    </file>
    <file name="layers.ts" path="/Users/vlumi/src/vlumi/nebulosa/src/layers.ts">
      <metrics statements="74" coveredstatements="65" conditionals="39" coveredconditionals="34" methods="34" coveredmethods="25"/>
      <line num="22" count="5" type="stmt"/>
      <line num="62" count="27" type="stmt"/>
      <line num="70" count="3" type="stmt"/>
      <line num="71" count="3" type="stmt"/>
      <line num="74" count="5" type="stmt"/>
      <line num="81" count="6" type="stmt"/>
      <line num="82" count="6" type="stmt"/>
      <line num="83" count="6" type="stmt"/>
      <line num="84" count="6" type="cond" truecount="2" falsecount="0"/>
      <line num="85" count="4" type="cond" truecount="1" falsecount="1"/>
      <line num="86" count="4" type="stmt"/>
      <line num="89" count="5" type="stmt"/>
      <line num="91" count="5" type="stmt"/>
      <line num="98" count="12439" type="stmt"/>
      <line num="99" count="65" type="cond" truecount="1" falsecount="1"/>
      <line num="100" count="24620" type="stmt"/>
      <line num="101" count="65" type="stmt"/>
      <line num="102" count="65" type="stmt"/>
      <line num="103" count="65" type="stmt"/>
      <line num="104" count="65" type="stmt"/>
      <line num="105" count="4153" type="stmt"/>
      <line num="106" count="4153" type="stmt"/>
      <line num="107" count="4153" type="stmt"/>
      <line num="109" count="65" type="stmt"/>
      <line num="110" count="65" type="cond" truecount="1" falsecount="1"/>
      <line num="111" count="65" type="stmt"/>
      <line num="114" count="5" type="stmt"/>
      <line num="119" count="5" type="stmt"/>
      <line num="123" count="9" type="stmt"/>
      <line num="124" count="9" type="stmt"/>
      <line num="137" count="44" type="stmt"/>
      <line num="138" count="65" type="stmt"/>
      <line num="139" count="44" type="stmt"/>
      <line num="140" count="65" type="stmt"/>
      <line num="141" count="65" type="cond" truecount="1" falsecount="1"/>
      <line num="142" count="65" type="stmt"/>
      <line num="151" count="44" type="stmt"/>
      <line num="152" count="21" type="cond" truecount="4" falsecount="0"/>
      <line num="153" count="44" type="stmt"/>
      <line num="155" count="44" type="stmt"/>
      <line num="159" count="0" type="stmt"/>
      <line num="168" count="0" type="stmt"/>
      <line num="170" count="9" type="stmt"/>
      <line num="171" count="9" type="stmt"/>
      <line num="173" count="4" type="stmt"/>
      <line num="181" count="0" type="stmt"/>
      <line num="182" count="4" type="cond" truecount="2" falsecount="0"/>
      <line num="186" count="2" type="cond" truecount="2" falsecount="0"/>
      <line num="194" count="0" type="stmt"/>
      <line num="195" count="0" type="stmt"/>
      <line num="196" count="2" type="cond" truecount="2" falsecount="0"/>
      <line num="204" count="44" type="cond" truecount="2" falsecount="0"/>
      <line num="205" count="44" type="cond" truecount="2" falsecount="0"/>
      <line num="206" count="44" type="cond" truecount="4" falsecount="0"/>
      <line num="207" count="6" type="stmt"/>
      <line num="208" count="6" type="stmt"/>
      <line num="209" count="6" type="cond" truecount="2" falsecount="0"/>
      <line num="211" count="2" type="stmt"/>
      <line num="212" count="2" type="stmt"/>
      <line num="213" count="2" type="stmt"/>
      <line num="218" count="2" type="stmt"/>
      <line num="224" count="180" type="stmt"/>
      <line num="233" count="6" type="stmt"/>
      <line num="237" count="0" type="stmt"/>
      <line num="238" count="1" type="stmt"/>
      <line num="248" count="0" type="stmt"/>
      <line num="249" count="1" type="stmt"/>
      <line num="262" count="44" type="cond" truecount="2" falsecount="0"/>
      <line num="263" count="5" type="cond" truecount="1" falsecount="1"/>
      <line num="264" count="3" type="stmt"/>
      <line num="268" count="0" type="stmt"/>
      <line num="276" count="0" type="stmt"/>
      <line num="277" count="1" type="stmt"/>
      <line num="290" count="44" type="stmt"/>
    </file>
    <file name="orbit.ts" path="/Users/vlumi/src/vlumi/nebulosa/src/orbit.ts">
      <metrics statements="23" coveredstatements="23" conditionals="11" coveredconditionals="9" methods="6" coveredmethods="6"/>
      <line num="22" count="40" type="stmt"/>
      <line num="31" count="11902" type="stmt"/>
      <line num="32" count="11902" type="cond" truecount="1" falsecount="1"/>
      <line num="33" count="11902" type="stmt"/>
      <line num="34" count="11902" type="stmt"/>
      <line num="48" count="7" type="stmt"/>
      <line num="49" count="7" type="stmt"/>
      <line num="53" count="32" type="stmt"/>
      <line num="54" count="32" type="stmt"/>
      <line num="55" count="11821" type="stmt"/>
      <line num="56" count="11821" type="cond" truecount="1" falsecount="1"/>
      <line num="58" count="32" type="stmt"/>
      <line num="68" count="30" type="stmt"/>
      <line num="69" count="30" type="stmt"/>
      <line num="79" count="5" type="stmt"/>
      <line num="80" count="5" type="stmt"/>
      <line num="81" count="5" type="stmt"/>
      <line num="82" count="766" type="stmt"/>
      <line num="83" count="766" type="stmt"/>
      <line num="84" count="766" type="cond" truecount="2" falsecount="0"/>
      <line num="85" count="78" type="stmt"/>
      <line num="86" count="78" type="stmt"/>
      <line num="89" count="5" type="stmt"/>
    </file>
    <file name="passes.ts" path="/Users/vlumi/src/vlumi/nebulosa/src/passes.ts">
      <metrics statements="44" coveredstatements="44" conditionals="29" coveredconditionals="24" methods="9" coveredmethods="9"/>
      <line num="4" count="3" type="stmt"/>
      <line num="5" count="3" type="stmt"/>
      <line num="8" count="3" type="stmt"/>
      <line num="10" count="3" type="stmt"/>
      <line num="34" count="62019" type="stmt"/>
      <line num="35" count="62019" type="cond" truecount="1" falsecount="1"/>
      <line num="36" count="62019" type="stmt"/>
      <line num="37" count="62019" type="stmt"/>
      <line num="38" count="62019" type="stmt"/>
      <line num="42" count="61923" type="cond" truecount="1" falsecount="1"/>
      <line num="47" count="176" type="cond" truecount="2" falsecount="0"/>
      <line num="48" count="1056" type="stmt"/>
      <line num="49" count="1056" type="stmt"/>
      <line num="50" count="1056" type="cond" truecount="2" falsecount="0"/>
      <line num="51" count="468" type="stmt"/>
      <line num="53" count="176" type="stmt"/>
      <line num="57" count="3" type="stmt"/>
      <line num="61" count="19" type="stmt"/>
      <line num="62" count="19" type="stmt"/>
      <line num="63" count="19" type="stmt"/>
      <line num="64" count="19" type="stmt"/>
      <line num="65" count="19" type="stmt"/>
      <line num="67" count="19" type="cond" truecount="1" falsecount="1"/>
      <line num="69" count="19" type="stmt"/>
      <line num="70" count="55480" type="stmt"/>
      <line num="71" count="55480" type="cond" truecount="4" falsecount="0"/>
      <line num="72" count="88" type="stmt"/>
      <line num="73" count="55392" type="cond" truecount="2" falsecount="0"/>
      <line num="74" count="1863" type="cond" truecount="2" falsecount="0"/>
      <line num="75" count="888" type="stmt"/>
      <line num="76" count="888" type="stmt"/>
      <line num="78" count="1863" type="cond" truecount="2" falsecount="0"/>
      <line num="79" count="88" type="stmt"/>
      <line num="80" count="88" type="stmt"/>
      <line num="84" count="19" type="cond" truecount="1" falsecount="1"/>
      <line num="85" count="88" type="stmt"/>
      <line num="94" count="88" type="stmt"/>
      <line num="95" count="88" type="stmt"/>
      <line num="96" count="5368" type="stmt"/>
      <line num="97" count="5368" type="cond" truecount="2" falsecount="0"/>
      <line num="98" count="635" type="stmt"/>
      <line num="99" count="635" type="stmt"/>
      <line num="102" count="88" type="stmt"/>
      <line num="114" count="148" type="stmt"/>
    </file>
    <file name="smoothing.ts" path="/Users/vlumi/src/vlumi/nebulosa/src/smoothing.ts">
      <metrics statements="3" coveredstatements="3" conditionals="4" coveredconditionals="4" methods="1" coveredmethods="1"/>
      <line num="6" count="105" type="stmt"/>
      <line num="7" count="105" type="cond" truecount="2" falsecount="0"/>
      <line num="8" count="72" type="stmt"/>
    </file>
    <file name="sun.ts" path="/Users/vlumi/src/vlumi/nebulosa/src/sun.ts">
      <metrics statements="14" coveredstatements="14" conditionals="3" coveredconditionals="3" methods="2" coveredmethods="2"/>
      <line num="4" count="6" type="stmt"/>
      <line num="5" count="6" type="stmt"/>
      <line num="7" count="6" type="stmt"/>
      <line num="16" count="50" type="stmt"/>
      <line num="17" count="50" type="stmt"/>
      <line num="18" count="50" type="stmt"/>
      <line num="26" count="47" type="stmt"/>
      <line num="27" count="47" type="stmt"/>
      <line num="28" count="47" type="cond" truecount="2" falsecount="0"/>
      <line num="29" count="47" type="stmt"/>
      <line num="30" count="47" type="stmt"/>
      <line num="31" count="16967" type="stmt"/>
      <line num="32" count="16967" type="stmt"/>
      <line num="34" count="47" type="stmt"/>
    </file>
    <file name="useLatest.ts" path="/Users/vlumi/src/vlumi/nebulosa/src/useLatest.ts">
      <metrics statements="4" coveredstatements="4" conditionals="0" coveredconditionals="0" methods="2" coveredmethods="2"/>
      <line num="5" count="192" type="stmt"/>
      <line num="6" count="192" type="stmt"/>
      <line num="7" count="92" type="stmt"/>
      <line num="9" count="192" type="stmt"/>
    </file>
    <file name="useNarrow.ts" path="/Users/vlumi/src/vlumi/nebulosa/src/useNarrow.ts">
      <metrics statements="9" coveredstatements="9" conditionals="4" coveredconditionals="4" methods="5" coveredmethods="4"/>
      <line num="3" count="1" type="stmt"/>
      <line num="7" count="38" type="cond" truecount="2" falsecount="0"/>
      <line num="8" count="38" type="stmt"/>
      <line num="9" count="7" type="stmt"/>
      <line num="10" count="7" type="cond" truecount="2" falsecount="0"/>
      <line num="11" count="1" type="stmt"/>
      <line num="12" count="1" type="stmt"/>
      <line num="13" count="1" type="stmt"/>
      <line num="15" count="38" type="stmt"/>
    </file>
    <file name="useNow.ts" path="/Users/vlumi/src/vlumi/nebulosa/src/useNow.ts">
      <metrics statements="7" coveredstatements="7" conditionals="0" coveredconditionals="0" methods="5" coveredmethods="5"/>
      <line num="5" count="38" type="stmt"/>
      <line num="6" count="38" type="stmt"/>
      <line num="7" count="7" type="stmt"/>
      <line num="8" count="14" type="stmt"/>
      <line num="9" count="14" type="stmt"/>
      <line num="11" count="7" type="stmt"/>
      <line num="13" count="38" type="stmt"/>
    </file>
    <file name="useSmoothedTime.ts" path="/Users/vlumi/src/vlumi/nebulosa/src/useSmoothedTime.ts">
      <metrics statements="16" coveredstatements="16" conditionals="2" coveredconditionals="2" methods="6" coveredmethods="6"/>
      <line num="6" count="38" type="stmt"/>
      <line num="7" count="38" type="stmt"/>
      <line num="9" count="38" type="stmt"/>
      <line num="10" count="22" type="stmt"/>
      <line num="13" count="38" type="stmt"/>
      <line num="14" count="7" type="stmt"/>
      <line num="15" count="7" type="stmt"/>
      <line num="16" count="7" type="stmt"/>
      <line num="17" count="14" type="stmt"/>
      <line num="18" count="14" type="stmt"/>
      <line num="19" count="14" type="cond" truecount="2" falsecount="0"/>
      <line num="20" count="8" type="stmt"/>
      <line num="21" count="8" type="stmt"/>
      <line num="23" count="14" type="stmt"/>
      <line num="25" count="7" type="stmt"/>
      <line num="28" count="38" type="stmt"/>
    </file>
    <file name="useThrottled.ts" path="/Users/vlumi/src/vlumi/nebulosa/src/useThrottled.ts">
      <metrics statements="9" coveredstatements="9" conditionals="0" coveredconditionals="0" methods="4" coveredmethods="4"/>
      <line num="5" count="48" type="stmt"/>
      <line num="6" count="48" type="stmt"/>
      <line num="8" count="48" type="stmt"/>
      <line num="9" count="11" type="stmt"/>
      <line num="10" count="11" type="stmt"/>
      <line num="11" count="7" type="stmt"/>
      <line num="12" count="7" type="stmt"/>
      <line num="14" count="11" type="stmt"/>
      <line num="17" count="48" type="stmt"/>
    </file>
  </project>
</coverage>
