{
  "/Users/vlumi/src/vlumi/nebulosa/src/App.tsx": {
    "path": "/Users/vlumi/src/vlumi/nebulosa/src/App.tsx",
    "statementMap": {
      "0": { "start": { "line": 19, "column": 24 }, "end": { "line": 19, "column": null } },
      "1": { "start": { "line": 22, "column": 30 }, "end": { "line": 22, "column": null } },
      "2": { "start": { "line": 23, "column": 34 }, "end": { "line": 23, "column": null } },
      "3": { "start": { "line": 24, "column": 28 }, "end": { "line": 24, "column": null } },
      "4": { "start": { "line": 25, "column": 34 }, "end": { "line": 25, "column": null } },
      "5": { "start": { "line": 26, "column": 28 }, "end": { "line": 26, "column": null } },
      "6": { "start": { "line": 27, "column": 42 }, "end": { "line": 27, "column": null } },
      "7": { "start": { "line": 28, "column": 48 }, "end": { "line": 28, "column": null } },
      "8": { "start": { "line": 29, "column": 42 }, "end": { "line": 29, "column": null } },
      "9": { "start": { "line": 30, "column": 26 }, "end": { "line": 30, "column": null } },
      "10": { "start": { "line": 31, "column": 28 }, "end": { "line": 31, "column": null } },
      "11": { "start": { "line": 31, "column": 43 }, "end": { "line": 31, "column": 64 } },
      "12": { "start": { "line": 32, "column": 14 }, "end": { "line": 32, "column": 21 } },
      "13": { "start": { "line": 33, "column": 17 }, "end": { "line": 33, "column": 27 } },
      "14": { "start": { "line": 36, "column": 36 }, "end": { "line": 36, "column": null } },
      "15": { "start": { "line": 37, "column": 38 }, "end": { "line": 37, "column": null } },
      "16": { "start": { "line": 38, "column": 8 }, "end": { "line": 41, "column": null } },
      "17": { "start": { "line": 39, "column": 4 }, "end": { "line": 39, "column": null } },
      "18": { "start": { "line": 40, "column": 4 }, "end": { "line": 40, "column": null } },
      "19": { "start": { "line": 40, "column": 24 }, "end": { "line": 40, "column": null } },
      "20": { "start": { "line": 42, "column": 8 }, "end": { "line": 45, "column": null } },
      "21": { "start": { "line": 43, "column": 4 }, "end": { "line": 43, "column": null } },
      "22": { "start": { "line": 44, "column": 4 }, "end": { "line": 44, "column": null } },
      "23": { "start": { "line": 44, "column": 24 }, "end": { "line": 44, "column": null } },
      "24": { "start": { "line": 46, "column": 15 }, "end": { "line": 46, "column": null } },
      "25": { "start": { "line": 48, "column": 2 }, "end": { "line": 52, "column": null } },
      "26": { "start": { "line": 49, "column": 4 }, "end": { "line": 51, "column": null } },
      "27": { "start": { "line": 50, "column": 26 }, "end": { "line": 50, "column": 49 } },
      "28": { "start": { "line": 51, "column": 29 }, "end": { "line": 51, "column": 93 } },
      "29": { "start": { "line": 54, "column": 2 }, "end": { "line": 63, "column": null } },
      "30": { "start": { "line": 55, "column": 10 }, "end": { "line": 60, "column": null } },
      "31": { "start": { "line": 56, "column": 6 }, "end": { "line": 59, "column": null } },
      "32": { "start": { "line": 57, "column": 8 }, "end": { "line": 57, "column": null } },
      "33": { "start": { "line": 58, "column": 8 }, "end": { "line": 58, "column": null } },
      "34": { "start": { "line": 61, "column": 4 }, "end": { "line": 61, "column": null } },
      "35": { "start": { "line": 62, "column": 4 }, "end": { "line": 62, "column": null } },
      "36": { "start": { "line": 62, "column": 17 }, "end": { "line": 62, "column": null } },
      "37": { "start": { "line": 65, "column": 8 }, "end": { "line": 68, "column": null } },
      "38": { "start": { "line": 66, "column": 4 }, "end": { "line": 66, "column": null } },
      "39": { "start": { "line": 67, "column": 4 }, "end": { "line": 67, "column": null } },
      "40": { "start": { "line": 70, "column": 8 }, "end": { "line": 73, "column": null } },
      "41": { "start": { "line": 71, "column": 4 }, "end": { "line": 71, "column": null } },
      "42": { "start": { "line": 72, "column": 4 }, "end": { "line": 72, "column": null } },
      "43": { "start": { "line": 72, "column": 26 }, "end": { "line": 72, "column": null } },
      "44": { "start": { "line": 75, "column": 21 }, "end": { "line": 75, "column": null } },
      "45": { "start": { "line": 75, "column": 36 }, "end": { "line": 75, "column": 111 } },
      "46": { "start": { "line": 76, "column": 8 }, "end": { "line": 76, "column": null } },
      "47": { "start": { "line": 76, "column": 43 }, "end": { "line": 76, "column": null } },
      "48": { "start": { "line": 76, "column": 66 }, "end": { "line": 76, "column": 96 } },
      "49": { "start": { "line": 79, "column": 21 }, "end": { "line": 79, "column": null } },
      "50": { "start": { "line": 80, "column": 20 }, "end": { "line": 83, "column": null } },
      "51": { "start": { "line": 81, "column": 10 }, "end": { "line": 81, "column": null } },
      "52": { "start": { "line": 84, "column": 28 }, "end": { "line": 84, "column": null } },
      "53": { "start": { "line": 85, "column": 17 }, "end": { "line": 87, "column": null } },
      "54": { "start": { "line": 86, "column": 11 }, "end": { "line": 86, "column": null } },
      "55": { "start": { "line": 88, "column": 8 }, "end": { "line": 88, "column": null } },
      "56": { "start": { "line": 88, "column": 40 }, "end": { "line": 88, "column": null } },
      "57": { "start": { "line": 90, "column": 8 }, "end": { "line": 93, "column": null } },
      "58": { "start": { "line": 91, "column": 4 }, "end": { "line": 91, "column": null } },
      "59": { "start": { "line": 92, "column": 4 }, "end": { "line": 92, "column": null } },
      "60": { "start": { "line": 95, "column": 8 }, "end": { "line": 99, "column": null } },
      "61": { "start": { "line": 96, "column": 19 }, "end": { "line": 96, "column": null } },
      "62": { "start": { "line": 97, "column": 4 }, "end": { "line": 97, "column": null } },
      "63": { "start": { "line": 98, "column": 4 }, "end": { "line": 98, "column": null } },
      "64": { "start": { "line": 101, "column": 2 }, "end": { "line": 186, "column": null } },
      "65": { "start": { "line": 130, "column": 100 }, "end": { "line": 130, "column": 105 } }
    },
    "fnMap": {
      "0": {
        "name": "App",
        "decl": { "start": { "line": 21, "column": 9 }, "end": { "line": 21, "column": 15 } },
        "loc": { "start": { "line": 21, "column": 15 }, "end": { "line": 188, "column": null } },
        "line": 21
      },
      "1": {
        "name": "(anonymous_1)",
        "decl": { "start": { "line": 31, "column": 28 }, "end": { "line": 31, "column": 43 } },
        "loc": { "start": { "line": 31, "column": 43 }, "end": { "line": 31, "column": 64 } },
        "line": 31
      },
      "2": {
        "name": "(anonymous_2)",
        "decl": { "start": { "line": 38, "column": 8 }, "end": { "line": 38, "column": 23 } },
        "loc": { "start": { "line": 38, "column": 41 }, "end": { "line": 41, "column": null } },
        "line": 38
      },
      "3": {
        "name": "(anonymous_3)",
        "decl": { "start": { "line": 42, "column": 8 }, "end": { "line": 42, "column": 24 } },
        "loc": { "start": { "line": 42, "column": 42 }, "end": { "line": 45, "column": null } },
        "line": 42
      },
      "4": {
        "name": "(anonymous_4)",
        "decl": { "start": { "line": 48, "column": 2 }, "end": { "line": 48, "column": 18 } },
        "loc": { "start": { "line": 48, "column": 18 }, "end": { "line": 52, "column": 5 } },
        "line": 48
      },
      "5": {
        "name": "(anonymous_5)",
        "decl": { "start": { "line": 50, "column": 7 }, "end": { "line": 50, "column": 13 } },
        "loc": { "start": { "line": 50, "column": 26 }, "end": { "line": 50, "column": 49 } },
        "line": 50
      },
      "6": {
        "name": "(anonymous_6)",
        "decl": { "start": { "line": 51, "column": 7 }, "end": { "line": 51, "column": 14 } },
        "loc": { "start": { "line": 51, "column": 29 }, "end": { "line": 51, "column": 93 } },
        "line": 51
      },
      "7": {
        "name": "(anonymous_7)",
        "decl": { "start": { "line": 54, "column": 2 }, "end": { "line": 54, "column": 18 } },
        "loc": { "start": { "line": 54, "column": 18 }, "end": { "line": 63, "column": 5 } },
        "line": 54
      },
      "8": {
        "name": "(anonymous_8)",
        "decl": { "start": { "line": 55, "column": 10 }, "end": { "line": 55, "column": 19 } },
        "loc": { "start": { "line": 55, "column": 40 }, "end": { "line": 60, "column": null } },
        "line": 55
      },
      "9": {
        "name": "(anonymous_9)",
        "decl": { "start": { "line": 62, "column": 4 }, "end": { "line": 62, "column": 17 } },
        "loc": { "start": { "line": 62, "column": 17 }, "end": { "line": 62, "column": null } },
        "line": 62
      },
      "10": {
        "name": "(anonymous_10)",
        "decl": { "start": { "line": 65, "column": 8 }, "end": { "line": 65, "column": 18 } },
        "loc": { "start": { "line": 65, "column": 45 }, "end": { "line": 68, "column": null } },
        "line": 65
      },
      "11": {
        "name": "(anonymous_11)",
        "decl": { "start": { "line": 70, "column": 8 }, "end": { "line": 70, "column": 26 } },
        "loc": { "start": { "line": 70, "column": 70 }, "end": { "line": 73, "column": null } },
        "line": 70
      },
      "12": {
        "name": "(anonymous_12)",
        "decl": { "start": { "line": 75, "column": 21 }, "end": { "line": 75, "column": 36 } },
        "loc": { "start": { "line": 75, "column": 36 }, "end": { "line": 75, "column": 111 } },
        "line": 75
      },
      "13": {
        "name": "(anonymous_13)",
        "decl": { "start": { "line": 76, "column": 8 }, "end": { "line": 76, "column": 16 } },
        "loc": { "start": { "line": 76, "column": 43 }, "end": { "line": 76, "column": null } },
        "line": 76
      },
      "14": {
        "name": "(anonymous_14)",
        "decl": { "start": { "line": 76, "column": 54 }, "end": { "line": 76, "column": 60 } },
        "loc": { "start": { "line": 76, "column": 66 }, "end": { "line": 76, "column": 96 } },
        "line": 76
      },
      "15": {
        "name": "(anonymous_15)",
        "decl": { "start": { "line": 80, "column": 20 }, "end": { "line": 80, "column": null } },
        "loc": { "start": { "line": 81, "column": 10 }, "end": { "line": 81, "column": null } },
        "line": 81
      },
      "16": {
        "name": "(anonymous_16)",
        "decl": { "start": { "line": 85, "column": 27 }, "end": { "line": 85, "column": null } },
        "loc": { "start": { "line": 86, "column": 11 }, "end": { "line": 86, "column": null } },
        "line": 86
      },
      "17": {
        "name": "(anonymous_17)",
        "decl": { "start": { "line": 88, "column": 8 }, "end": { "line": 88, "column": 20 } },
        "loc": { "start": { "line": 88, "column": 40 }, "end": { "line": 88, "column": null } },
        "line": 88
      },
      "18": {
        "name": "(anonymous_18)",
        "decl": { "start": { "line": 90, "column": 8 }, "end": { "line": 90, "column": 20 } },
        "loc": { "start": { "line": 90, "column": 35 }, "end": { "line": 93, "column": null } },
        "line": 90
      },
      "19": {
        "name": "(anonymous_19)",
        "decl": { "start": { "line": 95, "column": 8 }, "end": { "line": 95, "column": 20 } },
        "loc": { "start": { "line": 95, "column": 35 }, "end": { "line": 99, "column": null } },
        "line": 95
      },
      "20": {
        "name": "(anonymous_20)",
        "decl": { "start": { "line": 130, "column": 89 }, "end": { "line": 130, "column": 94 } },
        "loc": { "start": { "line": 130, "column": 100 }, "end": { "line": 130, "column": 105 } },
        "line": 130
      }
    },
    "branchMap": {
      "0": {
        "loc": { "start": { "line": 40, "column": 4 }, "end": { "line": 40, "column": null } },
        "type": "if",
        "locations": [
          { "start": { "line": 40, "column": 4 }, "end": { "line": 40, "column": null } },
          { "start": {}, "end": {} }
        ],
        "line": 40
      },
      "1": {
        "loc": { "start": { "line": 40, "column": 8 }, "end": { "line": 40, "column": 24 } },
        "type": "binary-expr",
        "locations": [
          { "start": { "line": 40, "column": 8 }, "end": { "line": 40, "column": 16 } },
          { "start": { "line": 40, "column": 16 }, "end": { "line": 40, "column": 24 } }
        ],
        "line": 40
      },
      "2": {
        "loc": { "start": { "line": 44, "column": 4 }, "end": { "line": 44, "column": null } },
        "type": "if",
        "locations": [
          { "start": { "line": 44, "column": 4 }, "end": { "line": 44, "column": null } },
          { "start": {}, "end": {} }
        ],
        "line": 44
      },
      "3": {
        "loc": { "start": { "line": 44, "column": 8 }, "end": { "line": 44, "column": 24 } },
        "type": "binary-expr",
        "locations": [
          { "start": { "line": 44, "column": 8 }, "end": { "line": 44, "column": 16 } },
          { "start": { "line": 44, "column": 16 }, "end": { "line": 44, "column": 24 } }
        ],
        "line": 44
      },
      "4": {
        "loc": { "start": { "line": 51, "column": 48 }, "end": { "line": 51, "column": 91 } },
        "type": "cond-expr",
        "locations": [
          { "start": { "line": 51, "column": 69 }, "end": { "line": 51, "column": 81 } },
          { "start": { "line": 51, "column": 81 }, "end": { "line": 51, "column": 91 } }
        ],
        "line": 51
      },
      "5": {
        "loc": { "start": { "line": 56, "column": 6 }, "end": { "line": 59, "column": null } },
        "type": "if",
        "locations": [
          { "start": { "line": 56, "column": 6 }, "end": { "line": 59, "column": null } },
          { "start": {}, "end": {} }
        ],
        "line": 56
      },
      "6": {
        "loc": { "start": { "line": 72, "column": 4 }, "end": { "line": 72, "column": null } },
        "type": "if",
        "locations": [
          { "start": { "line": 72, "column": 4 }, "end": { "line": 72, "column": null } },
          { "start": {}, "end": {} }
        ],
        "line": 72
      },
      "7": {
        "loc": { "start": { "line": 72, "column": 52 }, "end": { "line": 72, "column": 71 } },
        "type": "binary-expr",
        "locations": [
          { "start": { "line": 72, "column": 52 }, "end": { "line": 72, "column": 66 } },
          { "start": { "line": 72, "column": 66 }, "end": { "line": 72, "column": 71 } }
        ],
        "line": 72
      },
      "8": {
        "loc": { "start": { "line": 75, "column": 36 }, "end": { "line": 75, "column": 111 } },
        "type": "cond-expr",
        "locations": [
          { "start": { "line": 75, "column": 69 }, "end": { "line": 75, "column": 106 } },
          { "start": { "line": 75, "column": 106 }, "end": { "line": 75, "column": 111 } }
        ],
        "line": 75
      },
      "9": {
        "loc": { "start": { "line": 75, "column": 36 }, "end": { "line": 75, "column": 69 } },
        "type": "binary-expr",
        "locations": [
          { "start": { "line": 75, "column": 36 }, "end": { "line": 75, "column": 46 } },
          { "start": { "line": 75, "column": 46 }, "end": { "line": 75, "column": 69 } }
        ],
        "line": 75
      },
      "10": {
        "loc": { "start": { "line": 86, "column": 11 }, "end": { "line": 86, "column": null } },
        "type": "binary-expr",
        "locations": [
          { "start": { "line": 86, "column": 11 }, "end": { "line": 86, "column": 52 } },
          { "start": { "line": 86, "column": 52 }, "end": { "line": 86, "column": 74 } },
          { "start": { "line": 86, "column": 74 }, "end": { "line": 86, "column": 91 } },
          { "start": { "line": 86, "column": 91 }, "end": { "line": 86, "column": null } }
        ],
        "line": 86
      },
      "11": {
        "loc": { "start": { "line": 88, "column": 40 }, "end": { "line": 88, "column": null } },
        "type": "binary-expr",
        "locations": [
          { "start": { "line": 88, "column": 40 }, "end": { "line": 88, "column": 65 } },
          { "start": { "line": 88, "column": 65 }, "end": { "line": 88, "column": null } }
        ],
        "line": 88
      },
      "12": {
        "loc": { "start": { "line": 122, "column": 20 }, "end": { "line": 122, "column": null } },
        "type": "binary-expr",
        "locations": [
          { "start": { "line": 122, "column": 20 }, "end": { "line": 122, "column": 33 } },
          { "start": { "line": 122, "column": 33 }, "end": { "line": 122, "column": null } }
        ],
        "line": 122
      },
      "13": {
        "loc": { "start": { "line": 127, "column": 19 }, "end": { "line": 133, "column": null } },
        "type": "binary-expr",
        "locations": [
          { "start": { "line": 127, "column": 19 }, "end": { "line": 127, "column": null } },
          { "start": { "line": 128, "column": 20 }, "end": { "line": 133, "column": null } }
        ],
        "line": 127
      },
      "14": {
        "loc": { "start": { "line": 136, "column": 15 }, "end": { "line": 136, "column": null } },
        "type": "binary-expr",
        "locations": [
          { "start": { "line": 136, "column": 15 }, "end": { "line": 136, "column": 34 } },
          { "start": { "line": 136, "column": 34 }, "end": { "line": 136, "column": null } }
        ],
        "line": 136
      },
      "15": {
        "loc": { "start": { "line": 137, "column": 15 }, "end": { "line": 137, "column": null } },
        "type": "binary-expr",
        "locations": [
          { "start": { "line": 137, "column": 15 }, "end": { "line": 137, "column": 25 } },
          { "start": { "line": 137, "column": 25 }, "end": { "line": 137, "column": 46 } },
          { "start": { "line": 137, "column": 46 }, "end": { "line": 137, "column": null } }
        ],
        "line": 137
      },
      "16": {
        "loc": { "start": { "line": 138, "column": 15 }, "end": { "line": 146, "column": null } },
        "type": "binary-expr",
        "locations": [
          { "start": { "line": 138, "column": 15 }, "end": { "line": 138, "column": null } },
          { "start": { "line": 139, "column": 16 }, "end": { "line": 146, "column": null } }
        ],
        "line": 138
      },
      "17": {
        "loc": { "start": { "line": 150, "column": 11 }, "end": { "line": 180, "column": null } },
        "type": "binary-expr",
        "locations": [
          { "start": { "line": 150, "column": 11 }, "end": { "line": 150, "column": null } },
          { "start": { "line": 151, "column": 12 }, "end": { "line": 180, "column": null } }
        ],
        "line": 150
      },
      "18": {
        "loc": { "start": { "line": 153, "column": 22 }, "end": { "line": 153, "column": null } },
        "type": "binary-expr",
        "locations": [
          { "start": { "line": 153, "column": 22 }, "end": { "line": 153, "column": 36 } },
          { "start": { "line": 153, "column": 36 }, "end": { "line": 153, "column": null } }
        ],
        "line": 153
      }
    },
    "s": {
      "0": 1,
      "1": 38,
      "2": 38,
      "3": 38,
      "4": 38,
      "5": 38,
      "6": 38,
      "7": 38,
      "8": 38,
      "9": 38,
      "10": 38,
      "11": 7,
      "12": 38,
      "13": 38,
      "14": 38,
      "15": 38,
      "16": 38,
      "17": 1,
      "18": 1,
      "19": 1,
      "20": 38,
      "21": 1,
      "22": 1,
      "23": 1,
      "24": 38,
      "25": 38,
      "26": 7,
      "27": 6,
      "28": 1,
      "29": 38,
      "30": 7,
      "31": 1,
      "32": 1,
      "33": 1,
      "34": 7,
      "35": 7,
      "36": 7,
      "37": 38,
      "38": 6,
      "39": 6,
      "40": 38,
      "41": 6,
      "42": 6,
      "43": 5,
      "44": 38,
      "45": 14,
      "46": 38,
      "47": 262,
      "48": 433,
      "49": 38,
      "50": 38,
      "51": 14,
      "52": 38,
      "53": 38,
      "54": 300,
      "55": 38,
      "56": 224,
      "57": 38,
      "58": 1,
      "59": 1,
      "60": 38,
      "61": 1,
      "62": 1,
      "63": 1,
      "64": 38,
      "65": 60
    },
    "f": {
      "0": 38,
      "1": 7,
      "2": 1,
      "3": 1,
      "4": 7,
      "5": 6,
      "6": 1,
      "7": 7,
      "8": 1,
      "9": 7,
      "10": 6,
      "11": 6,
      "12": 14,
      "13": 262,
      "14": 433,
      "15": 14,
      "16": 300,
      "17": 224,
      "18": 1,
      "19": 1,
      "20": 60
    },
    "b": {
      "0": [1, 0],
      "1": [1, 1],
      "2": [1, 0],
      "3": [1, 1],
      "4": [1, 0],
      "5": [1, 0],
      "6": [5, 1],
      "7": [5, 3],
      "8": [6, 8],
      "9": [14, 7],
      "10": [300, 288, 90, 80],
      "11": [224, 0],
      "12": [38, 35],
      "13": [38, 30],
      "14": [38, 7],
      "15": [38, 31, 1],
      "16": [38, 30],
      "17": [38, 30],
      "18": [30, 27]
    },
    "meta": {
      "lastBranch": 19,
      "lastFunction": 21,
      "lastStatement": 66,
      "seen": {
        "s:19:24:19:Infinity": 0,
        "f:21:9:21:15": 0,
        "s:22:30:22:Infinity": 1,
        "s:23:34:23:Infinity": 2,
        "s:24:28:24:Infinity": 3,
        "s:25:34:25:Infinity": 4,
        "s:26:28:26:Infinity": 5,
        "s:27:42:27:Infinity": 6,
        "s:28:48:28:Infinity": 7,
        "s:29:42:29:Infinity": 8,
        "s:30:26:30:Infinity": 9,
        "s:31:28:31:Infinity": 10,
        "f:31:28:31:43": 1,
        "s:31:43:31:64": 11,
        "s:32:14:32:21": 12,
        "s:33:17:33:27": 13,
        "s:36:36:36:Infinity": 14,
        "s:37:38:37:Infinity": 15,
        "s:38:8:41:Infinity": 16,
        "f:38:8:38:23": 2,
        "s:39:4:39:Infinity": 17,
        "b:40:4:40:Infinity:undefined:undefined:undefined:undefined": 0,
        "s:40:4:40:Infinity": 18,
        "b:40:8:40:16:40:16:40:24": 1,
        "s:40:24:40:Infinity": 19,
        "s:42:8:45:Infinity": 20,
        "f:42:8:42:24": 3,
        "s:43:4:43:Infinity": 21,
        "b:44:4:44:Infinity:undefined:undefined:undefined:undefined": 2,
        "s:44:4:44:Infinity": 22,
        "b:44:8:44:16:44:16:44:24": 3,
        "s:44:24:44:Infinity": 23,
        "s:46:15:46:Infinity": 24,
        "s:48:2:52:Infinity": 25,
        "f:48:2:48:18": 4,
        "s:49:4:51:Infinity": 26,
        "f:50:7:50:13": 5,
        "s:50:26:50:49": 27,
        "f:51:7:51:14": 6,
        "s:51:29:51:93": 28,
        "b:51:69:51:81:51:81:51:91": 4,
        "s:54:2:63:Infinity": 29,
        "f:54:2:54:18": 7,
        "s:55:10:60:Infinity": 30,
        "f:55:10:55:19": 8,
        "b:56:6:59:Infinity:undefined:undefined:undefined:undefined": 5,
        "s:56:6:59:Infinity": 31,
        "s:57:8:57:Infinity": 32,
        "s:58:8:58:Infinity": 33,
        "s:61:4:61:Infinity": 34,
        "s:62:4:62:Infinity": 35,
        "f:62:4:62:17": 9,
        "s:62:17:62:Infinity": 36,
        "s:65:8:68:Infinity": 37,
        "f:65:8:65:18": 10,
        "s:66:4:66:Infinity": 38,
        "s:67:4:67:Infinity": 39,
        "s:70:8:73:Infinity": 40,
        "f:70:8:70:26": 11,
        "s:71:4:71:Infinity": 41,
        "b:72:4:72:Infinity:undefined:undefined:undefined:undefined": 6,
        "s:72:4:72:Infinity": 42,
        "s:72:26:72:Infinity": 43,
        "b:72:52:72:66:72:66:72:71": 7,
        "s:75:21:75:Infinity": 44,
        "f:75:21:75:36": 12,
        "s:75:36:75:111": 45,
        "b:75:69:75:106:75:106:75:111": 8,
        "b:75:36:75:46:75:46:75:69": 9,
        "s:76:8:76:Infinity": 46,
        "f:76:8:76:16": 13,
        "s:76:43:76:Infinity": 47,
        "f:76:54:76:60": 14,
        "s:76:66:76:96": 48,
        "s:79:21:79:Infinity": 49,
        "s:80:20:83:Infinity": 50,
        "f:80:20:80:Infinity": 15,
        "s:81:10:81:Infinity": 51,
        "s:84:28:84:Infinity": 52,
        "s:85:17:87:Infinity": 53,
        "f:85:27:85:Infinity": 16,
        "s:86:11:86:Infinity": 54,
        "b:86:11:86:52:86:52:86:74:86:74:86:91:86:91:86:Infinity": 10,
        "s:88:8:88:Infinity": 55,
        "f:88:8:88:20": 17,
        "s:88:40:88:Infinity": 56,
        "b:88:40:88:65:88:65:88:Infinity": 11,
        "s:90:8:93:Infinity": 57,
        "f:90:8:90:20": 18,
        "s:91:4:91:Infinity": 58,
        "s:92:4:92:Infinity": 59,
        "s:95:8:99:Infinity": 60,
        "f:95:8:95:20": 19,
        "s:96:19:96:Infinity": 61,
        "s:97:4:97:Infinity": 62,
        "s:98:4:98:Infinity": 63,
        "s:101:2:186:Infinity": 64,
        "b:122:20:122:33:122:33:122:Infinity": 12,
        "b:127:19:127:Infinity:128:20:133:Infinity": 13,
        "f:130:89:130:94": 20,
        "s:130:100:130:105": 65,
        "b:136:15:136:34:136:34:136:Infinity": 14,
        "b:137:15:137:25:137:25:137:46:137:46:137:Infinity": 15,
        "b:138:15:138:Infinity:139:16:146:Infinity": 16,
        "b:150:11:150:Infinity:151:12:180:Infinity": 17,
        "b:153:22:153:36:153:36:153:Infinity": 18
      },
      "fnNames": {}
    }
  },
  "/Users/vlumi/src/vlumi/nebulosa/src/Disclosure.tsx": {
    "path": "/Users/vlumi/src/vlumi/nebulosa/src/Disclosure.tsx",
    "statementMap": {
      "0": { "start": { "line": 12, "column": 2 }, "end": { "line": 18, "column": null } },
      "1": { "start": { "line": 14, "column": 84 }, "end": { "line": 14, "column": null } }
    },
    "fnMap": {
      "0": {
        "name": "Disclosure",
        "decl": { "start": { "line": 11, "column": 16 }, "end": { "line": 11, "column": 27 } },
        "loc": { "start": { "line": 11, "column": 73 }, "end": { "line": 20, "column": null } },
        "line": 11
      },
      "1": {
        "name": "(anonymous_1)",
        "decl": { "start": { "line": 14, "column": 69 }, "end": { "line": 14, "column": 84 } },
        "loc": { "start": { "line": 14, "column": 84 }, "end": { "line": 14, "column": null } },
        "line": 14
      }
    },
    "branchMap": {
      "0": {
        "loc": { "start": { "line": 17, "column": 7 }, "end": { "line": 17, "column": null } },
        "type": "binary-expr",
        "locations": [
          { "start": { "line": 17, "column": 7 }, "end": { "line": 17, "column": 15 } },
          { "start": { "line": 17, "column": 15 }, "end": { "line": 17, "column": null } }
        ],
        "line": 17
      }
    },
    "s": { "0": 68, "1": 2 },
    "f": { "0": 68, "1": 2 },
    "b": { "0": [68, 62] },
    "meta": {
      "lastBranch": 1,
      "lastFunction": 2,
      "lastStatement": 2,
      "seen": {
        "f:11:16:11:27": 0,
        "s:12:2:18:Infinity": 0,
        "f:14:69:14:84": 1,
        "s:14:84:14:Infinity": 1,
        "b:17:7:17:15:17:15:17:Infinity": 0
      },
      "fnNames": {}
    }
  },
  "/Users/vlumi/src/vlumi/nebulosa/src/MapView.tsx": {
    "path": "/Users/vlumi/src/vlumi/nebulosa/src/MapView.tsx",
    "statementMap": {
      "0": { "start": { "line": 12, "column": 16 }, "end": { "line": 12, "column": null } },
      "1": { "start": { "line": 15, "column": 0 }, "end": { "line": 15, "column": null } },
      "2": { "start": { "line": 50, "column": 20 }, "end": { "line": 50, "column": null } },
      "3": { "start": { "line": 51, "column": 14 }, "end": { "line": 51, "column": null } },
      "4": { "start": { "line": 52, "column": 17 }, "end": { "line": 52, "column": null } },
      "5": { "start": { "line": 53, "column": 18 }, "end": { "line": 53, "column": null } },
      "6": { "start": { "line": 54, "column": 28 }, "end": { "line": 54, "column": null } },
      "7": { "start": { "line": 57, "column": 25 }, "end": { "line": 57, "column": null } },
      "8": { "start": { "line": 58, "column": 17 }, "end": { "line": 58, "column": null } },
      "9": { "start": { "line": 59, "column": 22 }, "end": { "line": 59, "column": null } },
      "10": { "start": { "line": 63, "column": 22 }, "end": { "line": 63, "column": null } },
      "11": { "start": { "line": 64, "column": 17 }, "end": { "line": 67, "column": null } },
      "12": { "start": { "line": 65, "column": 10 }, "end": { "line": 65, "column": null } },
      "13": { "start": { "line": 68, "column": 24 }, "end": { "line": 68, "column": null } },
      "14": { "start": { "line": 70, "column": 2 }, "end": { "line": 112, "column": null } },
      "15": { "start": { "line": 71, "column": 4 }, "end": { "line": 76, "column": null } },
      "16": { "start": { "line": 77, "column": 4 }, "end": { "line": 77, "column": null } },
      "17": { "start": { "line": 78, "column": 4 }, "end": { "line": 95, "column": null } },
      "18": { "start": { "line": 82, "column": 25 }, "end": { "line": 82, "column": null } },
      "19": { "start": { "line": 84, "column": 21 }, "end": { "line": 84, "column": null } },
      "20": { "start": { "line": 85, "column": 22 }, "end": { "line": 91, "column": null } },
      "21": { "start": { "line": 90, "column": 50 }, "end": { "line": 90, "column": 76 } },
      "22": { "start": { "line": 92, "column": 8 }, "end": { "line": 92, "column": null } },
      "23": { "start": { "line": 94, "column": 50 }, "end": { "line": 94, "column": null } },
      "24": { "start": { "line": 96, "column": 4 }, "end": { "line": 96, "column": null } },
      "25": { "start": { "line": 97, "column": 4 }, "end": { "line": 99, "column": null } },
      "26": { "start": { "line": 100, "column": 4 }, "end": { "line": 103, "column": null } },
      "27": { "start": { "line": 101, "column": 27 }, "end": { "line": 101, "column": null } },
      "28": { "start": { "line": 102, "column": 6 }, "end": { "line": 102, "column": null } },
      "29": { "start": { "line": 104, "column": 4 }, "end": { "line": 109, "column": null } },
      "30": { "start": { "line": 105, "column": 6 }, "end": { "line": 105, "column": null } },
      "31": { "start": { "line": 106, "column": 6 }, "end": { "line": 106, "column": null } },
      "32": { "start": { "line": 107, "column": 6 }, "end": { "line": 107, "column": null } },
      "33": { "start": { "line": 108, "column": 6 }, "end": { "line": 108, "column": null } },
      "34": { "start": { "line": 114, "column": 2 }, "end": { "line": 116, "column": null } },
      "35": { "start": { "line": 115, "column": 4 }, "end": { "line": 115, "column": null } },
      "36": { "start": { "line": 118, "column": 2 }, "end": { "line": 124, "column": null } },
      "37": { "start": { "line": 119, "column": 4 }, "end": { "line": 119, "column": null } },
      "38": { "start": { "line": 119, "column": 16 }, "end": { "line": 119, "column": null } },
      "39": { "start": { "line": 120, "column": 16 }, "end": { "line": 120, "column": null } },
      "40": { "start": { "line": 120, "column": 39 }, "end": { "line": 120, "column": 75 } },
      "41": { "start": { "line": 121, "column": 15 }, "end": { "line": 121, "column": null } },
      "42": { "start": { "line": 122, "column": 14 }, "end": { "line": 122, "column": null } },
      "43": { "start": { "line": 123, "column": 4 }, "end": { "line": 123, "column": null } },
      "44": { "start": { "line": 123, "column": 11 }, "end": { "line": 123, "column": null } },
      "45": { "start": { "line": 126, "column": 2 }, "end": { "line": 128, "column": null } },
      "46": { "start": { "line": 127, "column": 4 }, "end": { "line": 127, "column": null } },
      "47": { "start": { "line": 130, "column": 2 }, "end": { "line": 130, "column": null } }
    },
    "fnMap": {
      "0": {
        "name": "MapView",
        "decl": { "start": { "line": 39, "column": 16 }, "end": { "line": 39, "column": 24 } },
        "loc": { "start": { "line": 49, "column": 10 }, "end": { "line": 131, "column": null } },
        "line": 49
      },
      "1": {
        "name": "(anonymous_1)",
        "decl": { "start": { "line": 64, "column": 17 }, "end": { "line": 64, "column": null } },
        "loc": { "start": { "line": 65, "column": 10 }, "end": { "line": 65, "column": null } },
        "line": 65
      },
      "2": {
        "name": "(anonymous_2)",
        "decl": { "start": { "line": 70, "column": 2 }, "end": { "line": 70, "column": 18 } },
        "loc": { "start": { "line": 70, "column": 18 }, "end": { "line": 112, "column": 5 } },
        "line": 70
      },
      "3": {
        "name": "(anonymous_3)",
        "decl": { "start": { "line": 82, "column": 6 }, "end": { "line": 82, "column": 16 } },
        "loc": { "start": { "line": 82, "column": 25 }, "end": { "line": 82, "column": null } },
        "line": 82
      },
      "4": {
        "name": "(anonymous_4)",
        "decl": { "start": { "line": 83, "column": 6 }, "end": { "line": 83, "column": 16 } },
        "loc": { "start": { "line": 83, "column": 25 }, "end": { "line": 93, "column": null } },
        "line": 83
      },
      "5": {
        "name": "(anonymous_5)",
        "decl": { "start": { "line": 90, "column": 38 }, "end": { "line": 90, "column": 44 } },
        "loc": { "start": { "line": 90, "column": 50 }, "end": { "line": 90, "column": 76 } },
        "line": 90
      },
      "6": {
        "name": "(anonymous_6)",
        "decl": { "start": { "line": 94, "column": 6 }, "end": { "line": 94, "column": 18 } },
        "loc": { "start": { "line": 94, "column": 50 }, "end": { "line": 94, "column": null } },
        "line": 94
      },
      "7": {
        "name": "(anonymous_7)",
        "decl": { "start": { "line": 100, "column": 22 }, "end": { "line": 100, "column": 39 } },
        "loc": { "start": { "line": 100, "column": 39 }, "end": { "line": 103, "column": 5 } },
        "line": 100
      },
      "8": {
        "name": "(anonymous_8)",
        "decl": { "start": { "line": 104, "column": 4 }, "end": { "line": 104, "column": 17 } },
        "loc": { "start": { "line": 104, "column": 17 }, "end": { "line": 109, "column": null } },
        "line": 104
      },
      "9": {
        "name": "(anonymous_9)",
        "decl": { "start": { "line": 114, "column": 2 }, "end": { "line": 114, "column": 18 } },
        "loc": { "start": { "line": 114, "column": 18 }, "end": { "line": 116, "column": 5 } },
        "line": 114
      },
      "10": {
        "name": "(anonymous_10)",
        "decl": { "start": { "line": 118, "column": 2 }, "end": { "line": 118, "column": 18 } },
        "loc": { "start": { "line": 118, "column": 18 }, "end": { "line": 124, "column": 5 } },
        "line": 118
      },
      "11": {
        "name": "(anonymous_11)",
        "decl": { "start": { "line": 120, "column": 27 }, "end": { "line": 120, "column": 33 } },
        "loc": { "start": { "line": 120, "column": 39 }, "end": { "line": 120, "column": 75 } },
        "line": 120
      },
      "12": {
        "name": "(anonymous_12)",
        "decl": { "start": { "line": 126, "column": 2 }, "end": { "line": 126, "column": 18 } },
        "loc": { "start": { "line": 126, "column": 18 }, "end": { "line": 128, "column": 5 } },
        "line": 126
      }
    },
    "branchMap": {
      "0": {
        "loc": { "start": { "line": 44, "column": 2 }, "end": { "line": 44, "column": null } },
        "type": "default-arg",
        "locations": [{ "start": { "line": 44, "column": 10 }, "end": { "line": 44, "column": null } }],
        "line": 44
      },
      "1": {
        "loc": { "start": { "line": 47, "column": 2 }, "end": { "line": 47, "column": null } },
        "type": "default-arg",
        "locations": [{ "start": { "line": 47, "column": 10 }, "end": { "line": 47, "column": null } }],
        "line": 47
      },
      "2": {
        "loc": { "start": { "line": 48, "column": 2 }, "end": { "line": 48, "column": null } },
        "type": "default-arg",
        "locations": [{ "start": { "line": 48, "column": 9 }, "end": { "line": 48, "column": null } }],
        "line": 48
      },
      "3": {
        "loc": { "start": { "line": 82, "column": 41 }, "end": { "line": 82, "column": 100 } },
        "type": "binary-expr",
        "locations": [
          { "start": { "line": 82, "column": 41 }, "end": { "line": 82, "column": 96 } },
          { "start": { "line": 82, "column": 96 }, "end": { "line": 82, "column": 100 } }
        ],
        "line": 82
      },
      "4": {
        "loc": { "start": { "line": 85, "column": 22 }, "end": { "line": 91, "column": null } },
        "type": "cond-expr",
        "locations": [
          { "start": { "line": 86, "column": 12 }, "end": { "line": 86, "column": null } },
          { "start": { "line": 87, "column": 12 }, "end": { "line": 91, "column": null } }
        ],
        "line": 85
      },
      "5": {
        "loc": { "start": { "line": 87, "column": 12 }, "end": { "line": 91, "column": null } },
        "type": "cond-expr",
        "locations": [
          { "start": { "line": 88, "column": 15 }, "end": { "line": 88, "column": null } },
          { "start": { "line": 89, "column": 14 }, "end": { "line": 91, "column": null } }
        ],
        "line": 87
      },
      "6": {
        "loc": { "start": { "line": 89, "column": 14 }, "end": { "line": 91, "column": null } },
        "type": "cond-expr",
        "locations": [
          { "start": { "line": 90, "column": 16 }, "end": { "line": 90, "column": null } },
          { "start": { "line": 91, "column": 16 }, "end": { "line": 91, "column": null } }
        ],
        "line": 89
      },
      "7": {
        "loc": { "start": { "line": 92, "column": 17 }, "end": { "line": 92, "column": 102 } },
        "type": "cond-expr",
        "locations": [
          { "start": { "line": 92, "column": 44 }, "end": { "line": 92, "column": 98 } },
          { "start": { "line": 92, "column": 98 }, "end": { "line": 92, "column": 102 } }
        ],
        "line": 92
      },
      "8": {
        "loc": { "start": { "line": 92, "column": 17 }, "end": { "line": 92, "column": 44 } },
        "type": "binary-expr",
        "locations": [
          { "start": { "line": 92, "column": 17 }, "end": { "line": 92, "column": 26 } },
          { "start": { "line": 92, "column": 26 }, "end": { "line": 92, "column": 44 } }
        ],
        "line": 92
      },
      "9": {
        "loc": { "start": { "line": 94, "column": 50 }, "end": { "line": 94, "column": null } },
        "type": "cond-expr",
        "locations": [
          { "start": { "line": 94, "column": 63 }, "end": { "line": 94, "column": 76 } },
          { "start": { "line": 94, "column": 76 }, "end": { "line": 94, "column": null } }
        ],
        "line": 94
      },
      "10": {
        "loc": { "start": { "line": 94, "column": 76 }, "end": { "line": 94, "column": null } },
        "type": "cond-expr",
        "locations": [
          { "start": { "line": 94, "column": 89 }, "end": { "line": 94, "column": 101 } },
          { "start": { "line": 94, "column": 101 }, "end": { "line": 94, "column": null } }
        ],
        "line": 94
      },
      "11": {
        "loc": { "start": { "line": 119, "column": 4 }, "end": { "line": 119, "column": null } },
        "type": "if",
        "locations": [
          { "start": { "line": 119, "column": 4 }, "end": { "line": 119, "column": null } },
          { "start": {}, "end": {} }
        ],
        "line": 119
      },
      "12": {
        "loc": { "start": { "line": 121, "column": 15 }, "end": { "line": 121, "column": null } },
        "type": "cond-expr",
        "locations": [
          { "start": { "line": 121, "column": 44 }, "end": { "line": 121, "column": 66 } },
          { "start": { "line": 121, "column": 66 }, "end": { "line": 121, "column": null } }
        ],
        "line": 121
      },
      "13": {
        "loc": { "start": { "line": 122, "column": 14 }, "end": { "line": 122, "column": null } },
        "type": "binary-expr",
        "locations": [
          { "start": { "line": 122, "column": 14 }, "end": { "line": 122, "column": 21 } },
          { "start": { "line": 122, "column": 21 }, "end": { "line": 122, "column": null } }
        ],
        "line": 122
      },
      "14": {
        "loc": { "start": { "line": 123, "column": 4 }, "end": { "line": 123, "column": null } },
        "type": "if",
        "locations": [
          { "start": { "line": 123, "column": 4 }, "end": { "line": 123, "column": null } },
          { "start": {}, "end": {} }
        ],
        "line": 123
      }
    },
    "s": {
      "0": 2,
      "1": 2,
      "2": 48,
      "3": 48,
      "4": 48,
      "5": 48,
      "6": 48,
      "7": 48,
      "8": 48,
      "9": 48,
      "10": 48,
      "11": 48,
      "12": 18,
      "13": 48,
      "14": 48,
      "15": 11,
      "16": 11,
      "17": 11,
      "18": 2,
      "19": 4,
      "20": 4,
      "21": 2,
      "22": 4,
      "23": 0,
      "24": 11,
      "25": 11,
      "26": 11,
      "27": 1,
      "28": 1,
      "29": 11,
      "30": 11,
      "31": 11,
      "32": 11,
      "33": 11,
      "34": 48,
      "35": 11,
      "36": 48,
      "37": 24,
      "38": 17,
      "39": 7,
      "40": 12,
      "41": 7,
      "42": 24,
      "43": 24,
      "44": 7,
      "45": 48,
      "46": 37,
      "47": 48
    },
    "f": {
      "0": 48,
      "1": 18,
      "2": 11,
      "3": 2,
      "4": 4,
      "5": 2,
      "6": 0,
      "7": 1,
      "8": 11,
      "9": 11,
      "10": 24,
      "11": 12,
      "12": 37
    },
    "b": {
      "0": [48],
      "1": [48],
      "2": [48],
      "3": [2, 1],
      "4": [2, 2],
      "5": [1, 1],
      "6": [1, 0],
      "7": [2, 2],
      "8": [4, 2],
      "9": [0, 0],
      "10": [0, 0],
      "11": [17, 7],
      "12": [4, 3],
      "13": [24, 7],
      "14": [7, 17]
    },
    "meta": {
      "lastBranch": 15,
      "lastFunction": 13,
      "lastStatement": 48,
      "seen": {
        "s:12:16:12:Infinity": 0,
        "s:15:0:15:Infinity": 1,
        "f:39:16:39:24": 0,
        "b:44:10:44:Infinity": 0,
        "b:47:10:47:Infinity": 1,
        "b:48:9:48:Infinity": 2,
        "s:50:20:50:Infinity": 2,
        "s:51:14:51:Infinity": 3,
        "s:52:17:52:Infinity": 4,
        "s:53:18:53:Infinity": 5,
        "s:54:28:54:Infinity": 6,
        "s:57:25:57:Infinity": 7,
        "s:58:17:58:Infinity": 8,
        "s:59:22:59:Infinity": 9,
        "s:63:22:63:Infinity": 10,
        "s:64:17:67:Infinity": 11,
        "f:64:17:64:Infinity": 1,
        "s:65:10:65:Infinity": 12,
        "s:68:24:68:Infinity": 13,
        "s:70:2:112:Infinity": 14,
        "f:70:2:70:18": 2,
        "s:71:4:76:Infinity": 15,
        "s:77:4:77:Infinity": 16,
        "s:78:4:95:Infinity": 17,
        "f:82:6:82:16": 3,
        "s:82:25:82:Infinity": 18,
        "b:82:41:82:96:82:96:82:100": 3,
        "f:83:6:83:16": 4,
        "s:84:21:84:Infinity": 19,
        "s:85:22:91:Infinity": 20,
        "b:86:12:86:Infinity:87:12:91:Infinity": 4,
        "b:88:15:88:Infinity:89:14:91:Infinity": 5,
        "b:90:16:90:Infinity:91:16:91:Infinity": 6,
        "f:90:38:90:44": 5,
        "s:90:50:90:76": 21,
        "s:92:8:92:Infinity": 22,
        "b:92:44:92:98:92:98:92:102": 7,
        "b:92:17:92:26:92:26:92:44": 8,
        "f:94:6:94:18": 6,
        "s:94:50:94:Infinity": 23,
        "b:94:63:94:76:94:76:94:Infinity": 9,
        "b:94:89:94:101:94:101:94:Infinity": 10,
        "s:96:4:96:Infinity": 24,
        "s:97:4:99:Infinity": 25,
        "s:100:4:103:Infinity": 26,
        "f:100:22:100:39": 7,
        "s:101:27:101:Infinity": 27,
        "s:102:6:102:Infinity": 28,
        "s:104:4:109:Infinity": 29,
        "f:104:4:104:17": 8,
        "s:105:6:105:Infinity": 30,
        "s:106:6:106:Infinity": 31,
        "s:107:6:107:Infinity": 32,
        "s:108:6:108:Infinity": 33,
        "s:114:2:116:Infinity": 34,
        "f:114:2:114:18": 9,
        "s:115:4:115:Infinity": 35,
        "s:118:2:124:Infinity": 36,
        "f:118:2:118:18": 10,
        "b:119:4:119:Infinity:undefined:undefined:undefined:undefined": 11,
        "s:119:4:119:Infinity": 37,
        "s:119:16:119:Infinity": 38,
        "s:120:16:120:Infinity": 39,
        "f:120:27:120:33": 11,
        "s:120:39:120:75": 40,
        "s:121:15:121:Infinity": 41,
        "b:121:44:121:66:121:66:121:Infinity": 12,
        "s:122:14:122:Infinity": 42,
        "b:122:14:122:21:122:21:122:Infinity": 13,
        "b:123:4:123:Infinity:undefined:undefined:undefined:undefined": 14,
        "s:123:4:123:Infinity": 43,
        "s:123:11:123:Infinity": 44,
        "s:126:2:128:Infinity": 45,
        "f:126:2:126:18": 12,
        "s:127:4:127:Infinity": 46,
        "s:130:2:130:Infinity": 47
      },
      "fnNames": {}
    }
  },
  "/Users/vlumi/src/vlumi/nebulosa/src/PassList.tsx": {
    "path": "/Users/vlumi/src/vlumi/nebulosa/src/PassList.tsx",
    "statementMap": {
      "0": { "start": { "line": 39, "column": 2 }, "end": { "line": 113, "column": null } },
      "1": { "start": { "line": 49, "column": 31 }, "end": { "line": 49, "column": null } },
      "2": { "start": { "line": 52, "column": 16 }, "end": { "line": 54, "column": null } },
      "3": { "start": { "line": 63, "column": 31 }, "end": { "line": 63, "column": null } },
      "4": { "start": { "line": 66, "column": 16 }, "end": { "line": 68, "column": null } },
      "5": { "start": { "line": 74, "column": 77 }, "end": { "line": 74, "column": 118 } },
      "6": { "start": { "line": 83, "column": 10 }, "end": { "line": 110, "column": null } },
      "7": { "start": { "line": 88, "column": 51 }, "end": { "line": 88, "column": 65 } },
      "8": { "start": { "line": 105, "column": 31 }, "end": { "line": 105, "column": null } }
    },
    "fnMap": {
      "0": {
        "name": "PassList",
        "decl": { "start": { "line": 24, "column": 16 }, "end": { "line": 24, "column": 25 } },
        "loc": { "start": { "line": 38, "column": 10 }, "end": { "line": 115, "column": null } },
        "line": 38
      },
      "1": {
        "name": "(anonymous_1)",
        "decl": { "start": { "line": 49, "column": 14 }, "end": { "line": 49, "column": 25 } },
        "loc": { "start": { "line": 49, "column": 31 }, "end": { "line": 49, "column": null } },
        "line": 49
      },
      "2": {
        "name": "(anonymous_2)",
        "decl": { "start": { "line": 51, "column": 26 }, "end": { "line": 51, "column": 31 } },
        "loc": { "start": { "line": 52, "column": 16 }, "end": { "line": 54, "column": null } },
        "line": 52
      },
      "3": {
        "name": "(anonymous_3)",
        "decl": { "start": { "line": 63, "column": 14 }, "end": { "line": 63, "column": 25 } },
        "loc": { "start": { "line": 63, "column": 31 }, "end": { "line": 63, "column": null } },
        "line": 63
      },
      "4": {
        "name": "(anonymous_4)",
        "decl": { "start": { "line": 65, "column": 30 }, "end": { "line": 65, "column": 35 } },
        "loc": { "start": { "line": 66, "column": 16 }, "end": { "line": 68, "column": null } },
        "line": 66
      },
      "5": {
        "name": "(anonymous_5)",
        "decl": { "start": { "line": 74, "column": 60 }, "end": { "line": 74, "column": 71 } },
        "loc": { "start": { "line": 74, "column": 77 }, "end": { "line": 74, "column": 118 } },
        "line": 74
      },
      "6": {
        "name": "(anonymous_6)",
        "decl": { "start": { "line": 82, "column": 16 }, "end": { "line": 82, "column": 21 } },
        "loc": { "start": { "line": 83, "column": 10 }, "end": { "line": 110, "column": null } },
        "line": 83
      },
      "7": {
        "name": "(anonymous_7)",
        "decl": { "start": { "line": 88, "column": 36 }, "end": { "line": 88, "column": 51 } },
        "loc": { "start": { "line": 88, "column": 51 }, "end": { "line": 88, "column": 65 } },
        "line": 88
      },
      "8": {
        "name": "(anonymous_8)",
        "decl": { "start": { "line": 105, "column": 16 }, "end": { "line": 105, "column": 31 } },
        "loc": { "start": { "line": 105, "column": 31 }, "end": { "line": 105, "column": null } },
        "line": 105
      }
    },
    "branchMap": {
      "0": {
        "loc": { "start": { "line": 72, "column": 11 }, "end": { "line": 76, "column": null } },
        "type": "binary-expr",
        "locations": [
          { "start": { "line": 72, "column": 11 }, "end": { "line": 72, "column": null } },
          { "start": { "line": 73, "column": 12 }, "end": { "line": 76, "column": null } }
        ],
        "line": 72
      },
      "1": {
        "loc": { "start": { "line": 79, "column": 9 }, "end": { "line": 79, "column": null } },
        "type": "binary-expr",
        "locations": [
          { "start": { "line": 79, "column": 9 }, "end": { "line": 79, "column": 32 } },
          { "start": { "line": 79, "column": 32 }, "end": { "line": 79, "column": null } }
        ],
        "line": 79
      },
      "2": {
        "loc": { "start": { "line": 84, "column": 13 }, "end": { "line": 87, "column": 13 } },
        "type": "binary-expr",
        "locations": [
          { "start": { "line": 84, "column": 13 }, "end": { "line": 84, "column": null } },
          { "start": { "line": 85, "column": 14 }, "end": { "line": 87, "column": 13 } }
        ],
        "line": 84
      },
      "3": {
        "loc": { "start": { "line": 84, "column": 55 }, "end": { "line": 84, "column": 102 } },
        "type": "cond-expr",
        "locations": [
          { "start": { "line": 84, "column": 65 }, "end": { "line": 84, "column": 81 } },
          { "start": { "line": 84, "column": 81 }, "end": { "line": 84, "column": 102 } }
        ],
        "line": 84
      }
    },
    "s": { "0": 30, "1": 1, "2": 120, "3": 1, "4": 150, "5": 2, "6": 241, "7": 2, "8": 2 },
    "f": { "0": 30, "1": 1, "2": 120, "3": 1, "4": 150, "5": 2, "6": 241, "7": 2, "8": 2 },
    "b": { "0": [30, 10], "1": [30, 0], "2": [241, 29], "3": [30, 211] },
    "meta": {
      "lastBranch": 4,
      "lastFunction": 9,
      "lastStatement": 9,
      "seen": {
        "f:24:16:24:25": 0,
        "s:39:2:113:Infinity": 0,
        "f:49:14:49:25": 1,
        "s:49:31:49:Infinity": 1,
        "f:51:26:51:31": 2,
        "s:52:16:54:Infinity": 2,
        "f:63:14:63:25": 3,
        "s:63:31:63:Infinity": 3,
        "f:65:30:65:35": 4,
        "s:66:16:68:Infinity": 4,
        "b:72:11:72:Infinity:73:12:76:Infinity": 0,
        "f:74:60:74:71": 5,
        "s:74:77:74:118": 5,
        "b:79:9:79:32:79:32:79:Infinity": 1,
        "f:82:16:82:21": 6,
        "s:83:10:110:Infinity": 6,
        "b:84:13:84:Infinity:85:14:87:13": 2,
        "b:84:65:84:81:84:81:84:102": 3,
        "f:88:36:88:51": 7,
        "s:88:51:88:65": 7,
        "f:105:16:105:31": 8,
        "s:105:31:105:Infinity": 8
      },
      "fnNames": {}
    }
  },
  "/Users/vlumi/src/vlumi/nebulosa/src/SatelliteList.tsx": {
    "path": "/Users/vlumi/src/vlumi/nebulosa/src/SatelliteList.tsx",
    "statementMap": {
      "0": { "start": { "line": 16, "column": 6 }, "end": { "line": 16, "column": null } },
      "1": { "start": { "line": 16, "column": 30 }, "end": { "line": 16, "column": null } },
      "2": { "start": { "line": 19, "column": 16 }, "end": { "line": 19, "column": null } },
      "3": { "start": { "line": 19, "column": 50 }, "end": { "line": 19, "column": 55 } },
      "4": { "start": { "line": 20, "column": 2 }, "end": { "line": 69, "column": null } },
      "5": { "start": { "line": 24, "column": 21 }, "end": { "line": 24, "column": null } },
      "6": { "start": { "line": 25, "column": 29 }, "end": { "line": 25, "column": null } },
      "7": { "start": { "line": 26, "column": 10 }, "end": { "line": 37, "column": null } },
      "8": { "start": { "line": 28, "column": 77 }, "end": { "line": 28, "column": null } },
      "9": { "start": { "line": 46, "column": 27 }, "end": { "line": 46, "column": null } },
      "10": { "start": { "line": 49, "column": 12 }, "end": { "line": 51, "column": null } },
      "11": { "start": { "line": 57, "column": 27 }, "end": { "line": 57, "column": null } },
      "12": { "start": { "line": 60, "column": 12 }, "end": { "line": 62, "column": null } },
      "13": { "start": { "line": 74, "column": 26 }, "end": { "line": 74, "column": null } },
      "14": { "start": { "line": 75, "column": 12 }, "end": { "line": 75, "column": null } },
      "15": { "start": { "line": 76, "column": 35 }, "end": { "line": 83, "column": null } },
      "16": { "start": { "line": 84, "column": 2 }, "end": { "line": 92, "column": null } },
      "17": { "start": { "line": 87, "column": 8 }, "end": { "line": 90, "column": null } }
    },
    "fnMap": {
      "0": {
        "name": "(anonymous_0)",
        "decl": { "start": { "line": 16, "column": 6 }, "end": { "line": 16, "column": 16 } },
        "loc": { "start": { "line": 16, "column": 30 }, "end": { "line": 16, "column": null } },
        "line": 16
      },
      "1": {
        "name": "SatelliteList",
        "decl": { "start": { "line": 18, "column": 16 }, "end": { "line": 18, "column": 30 } },
        "loc": { "start": { "line": 18, "column": 98 }, "end": { "line": 71, "column": null } },
        "line": 18
      },
      "2": {
        "name": "(anonymous_2)",
        "decl": { "start": { "line": 19, "column": 39 }, "end": { "line": 19, "column": 44 } },
        "loc": { "start": { "line": 19, "column": 50 }, "end": { "line": 19, "column": 55 } },
        "line": 19
      },
      "3": {
        "name": "(anonymous_3)",
        "decl": { "start": { "line": 23, "column": 20 }, "end": { "line": 23, "column": 25 } },
        "loc": { "start": { "line": 23, "column": 31 }, "end": { "line": 39, "column": 9 } },
        "line": 23
      },
      "4": {
        "name": "(anonymous_4)",
        "decl": { "start": { "line": 28, "column": 62 }, "end": { "line": 28, "column": 77 } },
        "loc": { "start": { "line": 28, "column": 77 }, "end": { "line": 28, "column": null } },
        "line": 28
      },
      "5": {
        "name": "(anonymous_5)",
        "decl": { "start": { "line": 46, "column": 10 }, "end": { "line": 46, "column": 21 } },
        "loc": { "start": { "line": 46, "column": 27 }, "end": { "line": 46, "column": null } },
        "line": 46
      },
      "6": {
        "name": "(anonymous_6)",
        "decl": { "start": { "line": 48, "column": 24 }, "end": { "line": 48, "column": 29 } },
        "loc": { "start": { "line": 49, "column": 12 }, "end": { "line": 51, "column": null } },
        "line": 49
      },
      "7": {
        "name": "(anonymous_7)",
        "decl": { "start": { "line": 57, "column": 10 }, "end": { "line": 57, "column": 21 } },
        "loc": { "start": { "line": 57, "column": 27 }, "end": { "line": 57, "column": null } },
        "line": 57
      },
      "8": {
        "name": "(anonymous_8)",
        "decl": { "start": { "line": 59, "column": 24 }, "end": { "line": 59, "column": 29 } },
        "loc": { "start": { "line": 60, "column": 12 }, "end": { "line": 62, "column": null } },
        "line": 60
      },
      "9": {
        "name": "Detail",
        "decl": { "start": { "line": 73, "column": 9 }, "end": { "line": 73, "column": 16 } },
        "loc": { "start": { "line": 73, "column": 73 }, "end": { "line": 94, "column": null } },
        "line": 73
      },
      "10": {
        "name": "(anonymous_10)",
        "decl": { "start": { "line": 86, "column": 12 }, "end": { "line": 86, "column": 17 } },
        "loc": { "start": { "line": 87, "column": 8 }, "end": { "line": 90, "column": null } },
        "line": 87
      }
    },
    "branchMap": {
      "0": {
        "loc": { "start": { "line": 16, "column": 43 }, "end": { "line": 16, "column": null } },
        "type": "cond-expr",
        "locations": [
          { "start": { "line": 16, "column": 53 }, "end": { "line": 16, "column": 58 } },
          { "start": { "line": 16, "column": 58 }, "end": { "line": 16, "column": null } }
        ],
        "line": 16
      },
      "1": {
        "loc": { "start": { "line": 27, "column": 36 }, "end": { "line": 27, "column": null } },
        "type": "cond-expr",
        "locations": [
          { "start": { "line": 27, "column": 71 }, "end": { "line": 27, "column": 82 } },
          { "start": { "line": 27, "column": 82 }, "end": { "line": 27, "column": null } }
        ],
        "line": 27
      },
      "2": {
        "loc": { "start": { "line": 27, "column": 36 }, "end": { "line": 27, "column": 71 } },
        "type": "binary-expr",
        "locations": [
          { "start": { "line": 27, "column": 36 }, "end": { "line": 27, "column": 57 } },
          { "start": { "line": 27, "column": 57 }, "end": { "line": 27, "column": 71 } }
        ],
        "line": 27
      },
      "3": {
        "loc": { "start": { "line": 28, "column": 86 }, "end": { "line": 28, "column": 108 } },
        "type": "cond-expr",
        "locations": [
          { "start": { "line": 28, "column": 99 }, "end": { "line": 28, "column": 106 } },
          { "start": { "line": 28, "column": 106 }, "end": { "line": 28, "column": 108 } }
        ],
        "line": 28
      },
      "4": {
        "loc": { "start": { "line": 36, "column": 15 }, "end": { "line": 37, "column": null } },
        "type": "binary-expr",
        "locations": [
          { "start": { "line": 36, "column": 15 }, "end": { "line": 36, "column": 29 } },
          { "start": { "line": 36, "column": 29 }, "end": { "line": 37, "column": null } }
        ],
        "line": 36
      }
    },
    "s": {
      "0": 2,
      "1": 310,
      "2": 31,
      "3": 62,
      "4": 31,
      "5": 62,
      "6": 62,
      "7": 62,
      "8": 4,
      "9": 1,
      "10": 155,
      "11": 1,
      "12": 155,
      "13": 10,
      "14": 10,
      "15": 10,
      "16": 10,
      "17": 60
    },
    "f": { "0": 310, "1": 31, "2": 62, "3": 62, "4": 4, "5": 1, "6": 155, "7": 1, "8": 155, "9": 10, "10": 60 },
    "b": { "0": [62, 248], "1": [10, 52], "2": [62, 20], "3": [1, 3], "4": [62, 10] },
    "meta": {
      "lastBranch": 5,
      "lastFunction": 11,
      "lastStatement": 18,
      "seen": {
        "s:16:6:16:Infinity": 0,
        "f:16:6:16:16": 0,
        "s:16:30:16:Infinity": 1,
        "b:16:53:16:58:16:58:16:Infinity": 0,
        "f:18:16:18:30": 1,
        "s:19:16:19:Infinity": 2,
        "f:19:39:19:44": 2,
        "s:19:50:19:55": 3,
        "s:20:2:69:Infinity": 4,
        "f:23:20:23:25": 3,
        "s:24:21:24:Infinity": 5,
        "s:25:29:25:Infinity": 6,
        "s:26:10:37:Infinity": 7,
        "b:27:71:27:82:27:82:27:Infinity": 1,
        "b:27:36:27:57:27:57:27:71": 2,
        "f:28:62:28:77": 4,
        "s:28:77:28:Infinity": 8,
        "b:28:99:28:106:28:106:28:108": 3,
        "b:36:15:36:29:36:29:37:Infinity": 4,
        "f:46:10:46:21": 5,
        "s:46:27:46:Infinity": 9,
        "f:48:24:48:29": 6,
        "s:49:12:51:Infinity": 10,
        "f:57:10:57:21": 7,
        "s:57:27:57:Infinity": 11,
        "f:59:24:59:29": 8,
        "s:60:12:62:Infinity": 12,
        "f:73:9:73:16": 9,
        "s:74:26:74:Infinity": 13,
        "s:75:12:75:Infinity": 14,
        "s:76:35:83:Infinity": 15,
        "s:84:2:92:Infinity": 16,
        "f:86:12:86:17": 10,
        "s:87:8:90:Infinity": 17
      },
      "fnNames": {}
    }
  },
  "/Users/vlumi/src/vlumi/nebulosa/src/TimeBar.tsx": {
    "path": "/Users/vlumi/src/vlumi/nebulosa/src/TimeBar.tsx",
    "statementMap": {
      "0": { "start": { "line": 4, "column": 17 }, "end": { "line": 4, "column": null } },
      "1": { "start": { "line": 5, "column": 16 }, "end": { "line": 5, "column": null } },
      "2": { "start": { "line": 14, "column": 17 }, "end": { "line": 14, "column": null } },
      "3": { "start": { "line": 15, "column": 16 }, "end": { "line": 15, "column": null } },
      "4": { "start": { "line": 16, "column": 17 }, "end": { "line": 16, "column": null } },
      "5": { "start": { "line": 17, "column": 18 }, "end": { "line": 17, "column": null } },
      "6": { "start": { "line": 19, "column": 2 }, "end": { "line": 66, "column": null } },
      "7": { "start": { "line": 21, "column": 43 }, "end": { "line": 21, "column": 72 } },
      "8": { "start": { "line": 27, "column": 23 }, "end": { "line": 27, "column": null } },
      "9": { "start": { "line": 34, "column": 25 }, "end": { "line": 34, "column": null } },
      "10": { "start": { "line": 37, "column": 10 }, "end": { "line": 39, "column": null } },
      "11": { "start": { "line": 49, "column": 25 }, "end": { "line": 49, "column": null } },
      "12": { "start": { "line": 56, "column": 10 }, "end": { "line": 56, "column": null } },
      "13": { "start": { "line": 56, "column": 31 }, "end": { "line": 56, "column": null } },
      "14": { "start": { "line": 57, "column": 24 }, "end": { "line": 57, "column": null } },
      "15": { "start": { "line": 58, "column": 30 }, "end": { "line": 58, "column": null } },
      "16": { "start": { "line": 59, "column": 10 }, "end": { "line": 59, "column": null } }
    },
    "fnMap": {
      "0": {
        "name": "TimeBar",
        "decl": { "start": { "line": 13, "column": 16 }, "end": { "line": 13, "column": 24 } },
        "loc": { "start": { "line": 13, "column": 57 }, "end": { "line": 68, "column": null } },
        "line": 13
      },
      "1": {
        "name": "(anonymous_1)",
        "decl": { "start": { "line": 21, "column": 28 }, "end": { "line": 21, "column": 43 } },
        "loc": { "start": { "line": 21, "column": 43 }, "end": { "line": 21, "column": 72 } },
        "line": 21
      },
      "2": {
        "name": "(anonymous_2)",
        "decl": { "start": { "line": 27, "column": 8 }, "end": { "line": 27, "column": 23 } },
        "loc": { "start": { "line": 27, "column": 23 }, "end": { "line": 27, "column": null } },
        "line": 27
      },
      "3": {
        "name": "(anonymous_3)",
        "decl": { "start": { "line": 34, "column": 8 }, "end": { "line": 34, "column": 19 } },
        "loc": { "start": { "line": 34, "column": 25 }, "end": { "line": 34, "column": null } },
        "line": 34
      },
      "4": {
        "name": "(anonymous_4)",
        "decl": { "start": { "line": 36, "column": 15 }, "end": { "line": 36, "column": 20 } },
        "loc": { "start": { "line": 37, "column": 10 }, "end": { "line": 39, "column": null } },
        "line": 37
      },
      "5": {
        "name": "(anonymous_5)",
        "decl": { "start": { "line": 49, "column": 8 }, "end": { "line": 49, "column": 19 } },
        "loc": { "start": { "line": 49, "column": 25 }, "end": { "line": 49, "column": null } },
        "line": 49
      },
      "6": {
        "name": "(anonymous_6)",
        "decl": { "start": { "line": 55, "column": 8 }, "end": { "line": 55, "column": 19 } },
        "loc": { "start": { "line": 55, "column": 25 }, "end": { "line": 60, "column": null } },
        "line": 55
      }
    },
    "branchMap": {
      "0": {
        "loc": { "start": { "line": 26, "column": 20 }, "end": { "line": 26, "column": null } },
        "type": "cond-expr",
        "locations": [
          { "start": { "line": 26, "column": 30 }, "end": { "line": 26, "column": 40 } },
          { "start": { "line": 26, "column": 40 }, "end": { "line": 26, "column": null } }
        ],
        "line": 26
      },
      "1": {
        "loc": { "start": { "line": 27, "column": 48 }, "end": { "line": 27, "column": 65 } },
        "type": "cond-expr",
        "locations": [
          { "start": { "line": 27, "column": 58 }, "end": { "line": 27, "column": 62 } },
          { "start": { "line": 27, "column": 62 }, "end": { "line": 27, "column": 65 } }
        ],
        "line": 27
      },
      "2": {
        "loc": { "start": { "line": 29, "column": 9 }, "end": { "line": 29, "column": null } },
        "type": "cond-expr",
        "locations": [
          { "start": { "line": 29, "column": 19 }, "end": { "line": 29, "column": 26 } },
          { "start": { "line": 29, "column": 26 }, "end": { "line": 29, "column": null } }
        ],
        "line": 29
      },
      "3": {
        "loc": { "start": { "line": 33, "column": 15 }, "end": { "line": 33, "column": null } },
        "type": "cond-expr",
        "locations": [
          { "start": { "line": 33, "column": 25 }, "end": { "line": 33, "column": 38 } },
          { "start": { "line": 33, "column": 38 }, "end": { "line": 33, "column": null } }
        ],
        "line": 33
      },
      "4": {
        "loc": { "start": { "line": 56, "column": 10 }, "end": { "line": 56, "column": null } },
        "type": "if",
        "locations": [
          { "start": { "line": 56, "column": 10 }, "end": { "line": 56, "column": null } },
          { "start": {}, "end": {} }
        ],
        "line": 56
      }
    },
    "s": {
      "0": 2,
      "1": 2,
      "2": 43,
      "3": 43,
      "4": 43,
      "5": 43,
      "6": 43,
      "7": 1,
      "8": 2,
      "9": 1,
      "10": 172,
      "11": 1,
      "12": 2,
      "13": 1,
      "14": 1,
      "15": 1,
      "16": 1
    },
    "f": { "0": 43, "1": 1, "2": 2, "3": 1, "4": 172, "5": 1, "6": 2 },
    "b": { "0": [40, 3], "1": [1, 1], "2": [40, 3], "3": [40, 3], "4": [1, 1] },
    "meta": {
      "lastBranch": 5,
      "lastFunction": 7,
      "lastStatement": 17,
      "seen": {
        "s:4:17:4:Infinity": 0,
        "s:5:16:5:Infinity": 1,
        "f:13:16:13:24": 0,
        "s:14:17:14:Infinity": 2,
        "s:15:16:15:Infinity": 3,
        "s:16:17:16:Infinity": 4,
        "s:17:18:17:Infinity": 5,
        "s:19:2:66:Infinity": 6,
        "f:21:28:21:43": 1,
        "s:21:43:21:72": 7,
        "b:26:30:26:40:26:40:26:Infinity": 0,
        "f:27:8:27:23": 2,
        "s:27:23:27:Infinity": 8,
        "b:27:58:27:62:27:62:27:65": 1,
        "b:29:19:29:26:29:26:29:Infinity": 2,
        "b:33:25:33:38:33:38:33:Infinity": 3,
        "f:34:8:34:19": 3,
        "s:34:25:34:Infinity": 9,
        "f:36:15:36:20": 4,
        "s:37:10:39:Infinity": 10,
        "f:49:8:49:19": 5,
        "s:49:25:49:Infinity": 11,
        "f:55:8:55:19": 6,
        "b:56:10:56:Infinity:undefined:undefined:undefined:undefined": 4,
        "s:56:10:56:Infinity": 12,
        "s:56:31:56:Infinity": 13,
        "s:57:24:57:Infinity": 14,
        "s:58:30:58:Infinity": 15,
        "s:59:10:59:Infinity": 16
      },
      "fnNames": {}
    }
  },
  "/Users/vlumi/src/vlumi/nebulosa/src/clock.ts": {
    "path": "/Users/vlumi/src/vlumi/nebulosa/src/clock.ts",
    "statementMap": {
      "0": { "start": { "line": 11, "column": 21 }, "end": { "line": 11, "column": null } },
      "1": { "start": { "line": 14, "column": 2 }, "end": { "line": 14, "column": null } },
      "2": { "start": { "line": 18, "column": 2 }, "end": { "line": 18, "column": null } },
      "3": { "start": { "line": 22, "column": 2 }, "end": { "line": 22, "column": null } },
      "4": { "start": { "line": 26, "column": 2 }, "end": { "line": 26, "column": null } },
      "5": { "start": { "line": 30, "column": 2 }, "end": { "line": 30, "column": null } }
    },
    "fnMap": {
      "0": {
        "name": "liveClock",
        "decl": { "start": { "line": 13, "column": 16 }, "end": { "line": 13, "column": 26 } },
        "loc": { "start": { "line": 13, "column": 49 }, "end": { "line": 15, "column": null } },
        "line": 13
      },
      "1": {
        "name": "simTime",
        "decl": { "start": { "line": 17, "column": 16 }, "end": { "line": 17, "column": 24 } },
        "loc": { "start": { "line": 17, "column": 62 }, "end": { "line": 19, "column": null } },
        "line": 17
      },
      "2": {
        "name": "withRate",
        "decl": { "start": { "line": 21, "column": 16 }, "end": { "line": 21, "column": 25 } },
        "loc": { "start": { "line": 21, "column": 76 }, "end": { "line": 23, "column": null } },
        "line": 21
      },
      "3": {
        "name": "scrubbedTo",
        "decl": { "start": { "line": 25, "column": 16 }, "end": { "line": 25, "column": 27 } },
        "loc": { "start": { "line": 25, "column": 79 }, "end": { "line": 27, "column": null } },
        "line": 25
      },
      "4": {
        "name": "isLive",
        "decl": { "start": { "line": 29, "column": 16 }, "end": { "line": 29, "column": 23 } },
        "loc": { "start": { "line": 29, "column": 62 }, "end": { "line": 31, "column": null } },
        "line": 29
      }
    },
    "branchMap": {
      "0": {
        "loc": { "start": { "line": 30, "column": 9 }, "end": { "line": 30, "column": null } },
        "type": "binary-expr",
        "locations": [
          { "start": { "line": 30, "column": 9 }, "end": { "line": 30, "column": 29 } },
          { "start": { "line": 30, "column": 29 }, "end": { "line": 30, "column": null } }
        ],
        "line": 30
      }
    },
    "s": { "0": 3, "1": 18, "2": 142, "3": 11, "4": 5, "5": 46 },
    "f": { "0": 18, "1": 142, "2": 11, "3": 5, "4": 46 },
    "b": { "0": [46, 42] },
    "meta": {
      "lastBranch": 1,
      "lastFunction": 5,
      "lastStatement": 6,
      "seen": {
        "s:11:21:11:Infinity": 0,
        "f:13:16:13:26": 0,
        "s:14:2:14:Infinity": 1,
        "f:17:16:17:24": 1,
        "s:18:2:18:Infinity": 2,
        "f:21:16:21:25": 2,
        "s:22:2:22:Infinity": 3,
        "f:25:16:25:27": 3,
        "s:26:2:26:Infinity": 4,
        "f:29:16:29:23": 4,
        "s:30:2:30:Infinity": 5,
        "b:30:9:30:29:30:29:30:Infinity": 0
      },
      "fnNames": {}
    }
  },
  "/Users/vlumi/src/vlumi/nebulosa/src/describe.ts": {
    "path": "/Users/vlumi/src/vlumi/nebulosa/src/describe.ts",
    "statementMap": {
      "0": { "start": { "line": 3, "column": 18 }, "end": { "line": 3, "column": null } },
      "1": { "start": { "line": 4, "column": 24 }, "end": { "line": 4, "column": null } },
      "2": { "start": { "line": 19, "column": 26 }, "end": { "line": 19, "column": null } },
      "3": { "start": { "line": 20, "column": 12 }, "end": { "line": 20, "column": null } },
      "4": { "start": { "line": 21, "column": 12 }, "end": { "line": 21, "column": null } },
      "5": { "start": { "line": 22, "column": 2 }, "end": { "line": 31, "column": null } },
      "6": { "start": { "line": 35, "column": 13 }, "end": { "line": 35, "column": null } },
      "7": { "start": { "line": 36, "column": 13 }, "end": { "line": 36, "column": null } },
      "8": { "start": { "line": 37, "column": 2 }, "end": { "line": 37, "column": null } }
    },
    "fnMap": {
      "0": {
        "name": "describeOrbit",
        "decl": { "start": { "line": 18, "column": 16 }, "end": { "line": 18, "column": 30 } },
        "loc": { "start": { "line": 18, "column": 58 }, "end": { "line": 32, "column": null } },
        "line": 18
      },
      "1": {
        "name": "formatAltitude",
        "decl": { "start": { "line": 34, "column": 16 }, "end": { "line": 34, "column": 31 } },
        "loc": { "start": { "line": 34, "column": 60 }, "end": { "line": 38, "column": null } },
        "line": 34
      }
    },
    "branchMap": {
      "0": {
        "loc": { "start": { "line": 37, "column": 9 }, "end": { "line": 37, "column": null } },
        "type": "cond-expr",
        "locations": [
          { "start": { "line": 37, "column": 23 }, "end": { "line": 37, "column": 59 } },
          { "start": { "line": 37, "column": 59 }, "end": { "line": 37, "column": null } }
        ],
        "line": 37
      }
    },
    "s": { "0": 3, "1": 3, "2": 13, "3": 13, "4": 13, "5": 13, "6": 12, "7": 12, "8": 12 },
    "f": { "0": 13, "1": 12 },
    "b": { "0": [3, 9] },
    "meta": {
      "lastBranch": 1,
      "lastFunction": 2,
      "lastStatement": 9,
      "seen": {
        "s:3:18:3:Infinity": 0,
        "s:4:24:4:Infinity": 1,
        "f:18:16:18:30": 0,
        "s:19:26:19:Infinity": 2,
        "s:20:12:20:Infinity": 3,
        "s:21:12:21:Infinity": 4,
        "s:22:2:31:Infinity": 5,
        "f:34:16:34:31": 1,
        "s:35:13:35:Infinity": 6,
        "s:36:13:36:Infinity": 7,
        "s:37:2:37:Infinity": 8,
        "b:37:23:37:59:37:59:37:Infinity": 0
      },
      "fnNames": {}
    }
  },
  "/Users/vlumi/src/vlumi/nebulosa/src/elements.ts": {
    "path": "/Users/vlumi/src/vlumi/nebulosa/src/elements.ts",
    "statementMap": {
      "0": { "start": { "line": 23, "column": 19 }, "end": { "line": 23, "column": null } },
      "1": { "start": { "line": 24, "column": 2 }, "end": { "line": 24, "column": null } },
      "2": { "start": { "line": 24, "column": 20 }, "end": { "line": 24, "column": null } },
      "3": { "start": { "line": 25, "column": 2 }, "end": { "line": 25, "column": null } },
      "4": { "start": { "line": 29, "column": 2 }, "end": { "line": 29, "column": null } },
      "5": { "start": { "line": 33, "column": 2 }, "end": { "line": 33, "column": null } },
      "6": { "start": { "line": 33, "column": 50 }, "end": { "line": 33, "column": 70 } }
    },
    "fnMap": {
      "0": {
        "name": "loadElements",
        "decl": { "start": { "line": 22, "column": 22 }, "end": { "line": 22, "column": 53 } },
        "loc": { "start": { "line": 22, "column": 53 }, "end": { "line": 26, "column": null } },
        "line": 22
      },
      "1": {
        "name": "epochOf",
        "decl": { "start": { "line": 28, "column": 16 }, "end": { "line": 28, "column": 24 } },
        "loc": { "start": { "line": 28, "column": 40 }, "end": { "line": 30, "column": null } },
        "line": 28
      },
      "2": {
        "name": "newestEpoch",
        "decl": { "start": { "line": 32, "column": 16 }, "end": { "line": 32, "column": 28 } },
        "loc": { "start": { "line": 32, "column": 51 }, "end": { "line": 34, "column": null } },
        "line": 32
      },
      "3": {
        "name": "(anonymous_3)",
        "decl": { "start": { "line": 33, "column": 39 }, "end": { "line": 33, "column": 44 } },
        "loc": { "start": { "line": 33, "column": 50 }, "end": { "line": 33, "column": 70 } },
        "line": 33
      }
    },
    "branchMap": {
      "0": {
        "loc": { "start": { "line": 24, "column": 2 }, "end": { "line": 24, "column": null } },
        "type": "if",
        "locations": [
          { "start": { "line": 24, "column": 2 }, "end": { "line": 24, "column": null } },
          { "start": {}, "end": {} }
        ],
        "line": 24
      },
      "1": {
        "loc": { "start": { "line": 29, "column": 18 }, "end": { "line": 29, "column": 71 } },
        "type": "cond-expr",
        "locations": [
          { "start": { "line": 29, "column": 44 }, "end": { "line": 29, "column": 56 } },
          { "start": { "line": 29, "column": 56 }, "end": { "line": 29, "column": 71 } }
        ],
        "line": 29
      }
    },
    "s": { "0": 7, "1": 7, "2": 1, "3": 6, "4": 159, "5": 62, "6": 124 },
    "f": { "0": 7, "1": 159, "2": 62, "3": 124 },
    "b": { "0": [1, 6], "1": [1, 158] },
    "meta": {
      "lastBranch": 2,
      "lastFunction": 4,
      "lastStatement": 7,
      "seen": {
        "f:22:22:22:53": 0,
        "s:23:19:23:Infinity": 0,
        "b:24:2:24:Infinity:undefined:undefined:undefined:undefined": 0,
        "s:24:2:24:Infinity": 1,
        "s:24:20:24:Infinity": 2,
        "s:25:2:25:Infinity": 3,
        "f:28:16:28:24": 1,
        "s:29:2:29:Infinity": 4,
        "b:29:44:29:56:29:56:29:71": 1,
        "f:32:16:32:28": 2,
        "s:33:2:33:Infinity": 5,
        "f:33:39:33:44": 3,
        "s:33:50:33:70": 6
      },
      "fnNames": {}
    }
  },
  "/Users/vlumi/src/vlumi/nebulosa/src/format.ts": {
    "path": "/Users/vlumi/src/vlumi/nebulosa/src/format.ts",
    "statementMap": {
      "0": { "start": { "line": 3, "column": 17 }, "end": { "line": 3, "column": null } },
      "1": { "start": { "line": 4, "column": 15 }, "end": { "line": 4, "column": null } },
      "2": { "start": { "line": 6, "column": 6 }, "end": { "line": 6, "column": null } },
      "3": { "start": { "line": 6, "column": 34 }, "end": { "line": 6, "column": null } },
      "4": { "start": { "line": 9, "column": 13 }, "end": { "line": 9, "column": null } },
      "5": { "start": { "line": 9, "column": 42 }, "end": { "line": 9, "column": null } },
      "6": { "start": { "line": 12, "column": 13 }, "end": { "line": 12, "column": null } },
      "7": { "start": { "line": 12, "column": 44 }, "end": { "line": 12, "column": null } },
      "8": { "start": { "line": 15, "column": 13 }, "end": { "line": 15, "column": null } },
      "9": { "start": { "line": 15, "column": 47 }, "end": { "line": 15, "column": null } },
      "10": { "start": { "line": 18, "column": 13 }, "end": { "line": 18, "column": null } },
      "11": { "start": { "line": 18, "column": 47 }, "end": { "line": 18, "column": null } },
      "12": { "start": { "line": 21, "column": 13 }, "end": { "line": 21, "column": null } },
      "13": { "start": { "line": 21, "column": 45 }, "end": { "line": 21, "column": null } },
      "14": { "start": { "line": 25, "column": 12 }, "end": { "line": 25, "column": null } },
      "15": { "start": { "line": 26, "column": 2 }, "end": { "line": 26, "column": null } },
      "16": { "start": { "line": 29, "column": 13 }, "end": { "line": 29, "column": null } },
      "17": { "start": { "line": 29, "column": 43 }, "end": { "line": 29, "column": null } },
      "18": { "start": { "line": 32, "column": 16 }, "end": { "line": 32, "column": null } },
      "19": { "start": { "line": 33, "column": 2 }, "end": { "line": 33, "column": null } },
      "20": { "start": { "line": 33, "column": 17 }, "end": { "line": 33, "column": null } },
      "21": { "start": { "line": 34, "column": 2 }, "end": { "line": 34, "column": null } },
      "22": { "start": { "line": 34, "column": 18 }, "end": { "line": 34, "column": null } },
      "23": { "start": { "line": 35, "column": 2 }, "end": { "line": 35, "column": null } },
      "24": { "start": { "line": 40, "column": 23 }, "end": { "line": 40, "column": null } },
      "25": { "start": { "line": 41, "column": 2 }, "end": { "line": 41, "column": null } },
      "26": { "start": { "line": 41, "column": 26 }, "end": { "line": 41, "column": null } },
      "27": { "start": { "line": 42, "column": 15 }, "end": { "line": 42, "column": null } },
      "28": { "start": { "line": 43, "column": 14 }, "end": { "line": 43, "column": null } },
      "29": { "start": { "line": 44, "column": 16 }, "end": { "line": 44, "column": null } },
      "30": { "start": { "line": 45, "column": 18 }, "end": { "line": 45, "column": null } },
      "31": { "start": { "line": 46, "column": 16 }, "end": { "line": 46, "column": null } },
      "32": { "start": { "line": 47, "column": 2 }, "end": { "line": 47, "column": null } },
      "33": { "start": { "line": 51, "column": 2 }, "end": { "line": 51, "column": null } },
      "34": { "start": { "line": 54, "column": 16 }, "end": { "line": 54, "column": null } },
      "35": { "start": { "line": 58, "column": 2 }, "end": { "line": 58, "column": null } }
    },
    "fnMap": {
      "0": {
        "name": "(anonymous_0)",
        "decl": { "start": { "line": 6, "column": 6 }, "end": { "line": 6, "column": 13 } },
        "loc": { "start": { "line": 6, "column": 34 }, "end": { "line": 6, "column": null } },
        "line": 6
      },
      "1": {
        "name": "(anonymous_1)",
        "decl": { "start": { "line": 9, "column": 13 }, "end": { "line": 9, "column": 21 } },
        "loc": { "start": { "line": 9, "column": 42 }, "end": { "line": 9, "column": null } },
        "line": 9
      },
      "2": {
        "name": "(anonymous_2)",
        "decl": { "start": { "line": 12, "column": 13 }, "end": { "line": 12, "column": 23 } },
        "loc": { "start": { "line": 12, "column": 44 }, "end": { "line": 12, "column": null } },
        "line": 12
      },
      "3": {
        "name": "(anonymous_3)",
        "decl": { "start": { "line": 15, "column": 13 }, "end": { "line": 15, "column": 26 } },
        "loc": { "start": { "line": 15, "column": 47 }, "end": { "line": 15, "column": null } },
        "line": 15
      },
      "4": {
        "name": "(anonymous_4)",
        "decl": { "start": { "line": 18, "column": 13 }, "end": { "line": 18, "column": 26 } },
[...]
      "9": { "start": { "line": 29, "column": 26 }, "end": { "line": 29, "column": null } },
      "10": { "start": { "line": 30, "column": 2 }, "end": { "line": 33, "column": null } },
      "11": { "start": { "line": 30, "column": 17 }, "end": { "line": 30, "column": 23 } },
      "12": { "start": { "line": 31, "column": 16 }, "end": { "line": 31, "column": null } },
      "13": { "start": { "line": 32, "column": 4 }, "end": { "line": 32, "column": null } },
      "14": { "start": { "line": 34, "column": 2 }, "end": { "line": 34, "column": null } }
    },
    "fnMap": {
      "0": {
        "name": "subsolarPoint",
        "decl": { "start": { "line": 15, "column": 16 }, "end": { "line": 15, "column": 30 } },
        "loc": { "start": { "line": 15, "column": 57 }, "end": { "line": 19, "column": null } },
        "line": 15
      },
      "1": {
        "name": "nightPolygon",
        "decl": { "start": { "line": 25, "column": 16 }, "end": { "line": 25, "column": 29 } },
        "loc": { "start": { "line": 25, "column": 64 }, "end": { "line": 35, "column": null } },
        "line": 25
      }
    },
    "branchMap": {
      "0": {
        "loc": { "start": { "line": 25, "column": 41 }, "end": { "line": 25, "column": 64 } },
        "type": "default-arg",
        "locations": [{ "start": { "line": 25, "column": 51 }, "end": { "line": 25, "column": 64 } }],
        "line": 25
      },
      "1": {
        "loc": { "start": { "line": 28, "column": 19 }, "end": { "line": 28, "column": null } },
        "type": "cond-expr",
        "locations": [
          { "start": { "line": 28, "column": 34 }, "end": { "line": 28, "column": 46 } },
          { "start": { "line": 28, "column": 46 }, "end": { "line": 28, "column": null } }
        ],
        "line": 28
      }
    },
    "s": {
      "0": 6,
      "1": 6,
      "2": 6,
      "3": 50,
      "4": 50,
      "5": 50,
      "6": 47,
      "7": 47,
      "8": 47,
      "9": 47,
      "10": 47,
      "11": 47,
      "12": 16967,
      "13": 16967,
      "14": 47
    },
    "f": { "0": 50, "1": 47 },
    "b": { "0": [47], "1": [46, 1] },
    "meta": {
      "lastBranch": 2,
      "lastFunction": 2,
      "lastStatement": 15,
      "seen": {
        "s:4:12:4:Infinity": 0,
        "s:5:12:5:Infinity": 1,
        "s:7:17:7:Infinity": 2,
        "f:15:16:15:30": 0,
        "s:16:26:16:Infinity": 3,
        "s:17:8:17:Infinity": 4,
        "s:18:2:18:Infinity": 5,
        "f:25:16:25:29": 1,
        "b:25:51:25:64": 0,
        "s:26:14:26:Infinity": 6,
        "s:27:15:27:Infinity": 7,
        "s:28:19:28:Infinity": 8,
        "b:28:34:28:46:28:46:28:Infinity": 1,
        "s:29:26:29:Infinity": 9,
        "s:30:2:33:Infinity": 10,
        "s:30:17:30:23": 11,
        "s:31:16:31:Infinity": 12,
        "s:32:4:32:Infinity": 13,
        "s:34:2:34:Infinity": 14
      },
      "fnNames": {}
    }
  },
  "/Users/vlumi/src/vlumi/nebulosa/src/useLatest.ts": {
    "path": "/Users/vlumi/src/vlumi/nebulosa/src/useLatest.ts",
    "statementMap": {
      "0": { "start": { "line": 5, "column": 14 }, "end": { "line": 5, "column": null } },
      "1": { "start": { "line": 6, "column": 2 }, "end": { "line": 8, "column": null } },
      "2": { "start": { "line": 7, "column": 4 }, "end": { "line": 7, "column": null } },
      "3": { "start": { "line": 9, "column": 2 }, "end": { "line": 9, "column": null } }
    },
    "fnMap": {
      "0": {
        "name": "useLatest",
        "decl": { "start": { "line": 4, "column": 16 }, "end": { "line": 4, "column": 29 } },
        "loc": { "start": { "line": 4, "column": 53 }, "end": { "line": 10, "column": null } },
        "line": 4
      },
      "1": {
        "name": "(anonymous_1)",
        "decl": { "start": { "line": 6, "column": 2 }, "end": { "line": 6, "column": 18 } },
        "loc": { "start": { "line": 6, "column": 18 }, "end": { "line": 8, "column": 5 } },
        "line": 6
      }
    },
    "branchMap": {},
    "s": { "0": 192, "1": 192, "2": 92, "3": 192 },
    "f": { "0": 192, "1": 92 },
    "b": {},
    "meta": {
      "lastBranch": 0,
      "lastFunction": 2,
      "lastStatement": 4,
      "seen": {
        "f:4:16:4:29": 0,
        "s:5:14:5:Infinity": 0,
        "s:6:2:8:Infinity": 1,
        "f:6:2:6:18": 1,
        "s:7:4:7:Infinity": 2,
        "s:9:2:9:Infinity": 3
      },
      "fnNames": {}
    }
  },
  "/Users/vlumi/src/vlumi/nebulosa/src/useNarrow.ts": {
    "path": "/Users/vlumi/src/vlumi/nebulosa/src/useNarrow.ts",
    "statementMap": {
      "0": { "start": { "line": 3, "column": 28 }, "end": { "line": 3, "column": null } },
      "1": { "start": { "line": 7, "column": 30 }, "end": { "line": 7, "column": null } },
      "2": { "start": { "line": 7, "column": 45 }, "end": { "line": 7, "column": 95 } },
      "3": { "start": { "line": 8, "column": 2 }, "end": { "line": 14, "column": null } },
      "4": { "start": { "line": 9, "column": 18 }, "end": { "line": 9, "column": null } },
      "5": { "start": { "line": 10, "column": 4 }, "end": { "line": 10, "column": null } },
      "6": { "start": { "line": 10, "column": 16 }, "end": { "line": 10, "column": null } },
      "7": { "start": { "line": 11, "column": 10 }, "end": { "line": 11, "column": null } },
      "8": { "start": { "line": 11, "column": 27 }, "end": { "line": 11, "column": null } },
      "9": { "start": { "line": 12, "column": 4 }, "end": { "line": 12, "column": null } },
      "10": { "start": { "line": 13, "column": 4 }, "end": { "line": 13, "column": null } },
      "11": { "start": { "line": 13, "column": 17 }, "end": { "line": 13, "column": null } },
      "12": { "start": { "line": 15, "column": 2 }, "end": { "line": 15, "column": null } }
    },
    "fnMap": {
      "0": {
        "name": "useNarrow",
        "decl": { "start": { "line": 6, "column": 16 }, "end": { "line": 6, "column": 37 } },
        "loc": { "start": { "line": 6, "column": 37 }, "end": { "line": 16, "column": null } },
        "line": 6
      },
      "1": {
        "name": "(anonymous_1)",
        "decl": { "start": { "line": 7, "column": 30 }, "end": { "line": 7, "column": 45 } },
        "loc": { "start": { "line": 7, "column": 45 }, "end": { "line": 7, "column": 95 } },
        "line": 7
      },
      "2": {
        "name": "(anonymous_2)",
        "decl": { "start": { "line": 8, "column": 2 }, "end": { "line": 8, "column": 18 } },
        "loc": { "start": { "line": 8, "column": 18 }, "end": { "line": 14, "column": 5 } },
        "line": 8
      },
      "3": {
        "name": "(anonymous_3)",
        "decl": { "start": { "line": 11, "column": 10 }, "end": { "line": 11, "column": 27 } },
        "loc": { "start": { "line": 11, "column": 27 }, "end": { "line": 11, "column": null } },
        "line": 11
      },
      "4": {
        "name": "(anonymous_4)",
        "decl": { "start": { "line": 13, "column": 4 }, "end": { "line": 13, "column": 17 } },
        "loc": { "start": { "line": 13, "column": 17 }, "end": { "line": 13, "column": null } },
        "line": 13
      }
    },
    "branchMap": {
      "0": {
        "loc": { "start": { "line": 7, "column": 45 }, "end": { "line": 7, "column": 95 } },
        "type": "binary-expr",
        "locations": [
          { "start": { "line": 7, "column": 45 }, "end": { "line": 7, "column": 90 } },
          { "start": { "line": 7, "column": 90 }, "end": { "line": 7, "column": 95 } }
        ],
        "line": 7
      },
      "1": {
        "loc": { "start": { "line": 10, "column": 4 }, "end": { "line": 10, "column": null } },
        "type": "if",
        "locations": [
          { "start": { "line": 10, "column": 4 }, "end": { "line": 10, "column": null } },
          { "start": {}, "end": {} }
        ],
        "line": 10
      }
    },
    "s": {
      "0": 1,
      "1": 38,
      "2": 7,
      "3": 38,
      "4": 7,
      "5": 7,
      "6": 6,
      "7": 1,
      "8": 0,
      "9": 1,
      "10": 1,
      "11": 1,
      "12": 38
    },
    "f": { "0": 38, "1": 7, "2": 7, "3": 0, "4": 1 },
    "b": { "0": [7, 6], "1": [6, 1] },
    "meta": {
      "lastBranch": 2,
      "lastFunction": 5,
      "lastStatement": 13,
      "seen": {
        "s:3:28:3:Infinity": 0,
        "f:6:16:6:37": 0,
        "s:7:30:7:Infinity": 1,
        "f:7:30:7:45": 1,
        "s:7:45:7:95": 2,
        "b:7:45:7:90:7:90:7:95": 0,
        "s:8:2:14:Infinity": 3,
        "f:8:2:8:18": 2,
        "s:9:18:9:Infinity": 4,
        "b:10:4:10:Infinity:undefined:undefined:undefined:undefined": 1,
        "s:10:4:10:Infinity": 5,
        "s:10:16:10:Infinity": 6,
        "s:11:10:11:Infinity": 7,
        "f:11:10:11:27": 3,
        "s:11:27:11:Infinity": 8,
        "s:12:4:12:Infinity": 9,
        "s:13:4:13:Infinity": 10,
        "f:13:4:13:17": 4,
        "s:13:17:13:Infinity": 11,
        "s:15:2:15:Infinity": 12
      },
      "fnNames": {}
    }
  },
  "/Users/vlumi/src/vlumi/nebulosa/src/useNow.ts": {
    "path": "/Users/vlumi/src/vlumi/nebulosa/src/useNow.ts",
    "statementMap": {
      "0": { "start": { "line": 5, "column": 24 }, "end": { "line": 5, "column": null } },
      "1": { "start": { "line": 5, "column": 39 }, "end": { "line": 5, "column": 49 } },
      "2": { "start": { "line": 6, "column": 2 }, "end": { "line": 12, "column": null } },
      "3": { "start": { "line": 7, "column": 16 }, "end": { "line": 10, "column": null } },
      "4": { "start": { "line": 8, "column": 6 }, "end": { "line": 8, "column": null } },
      "5": { "start": { "line": 9, "column": 6 }, "end": { "line": 9, "column": null } },
      "6": { "start": { "line": 11, "column": 4 }, "end": { "line": 11, "column": null } },
      "7": { "start": { "line": 11, "column": 17 }, "end": { "line": 11, "column": null } },
      "8": { "start": { "line": 13, "column": 2 }, "end": { "line": 13, "column": null } }
    },
    "fnMap": {
      "0": {
        "name": "useNow",
        "decl": { "start": { "line": 4, "column": 16 }, "end": { "line": 4, "column": 31 } },
        "loc": { "start": { "line": 4, "column": 31 }, "end": { "line": 14, "column": null } },
        "line": 4
      },
      "1": {
        "name": "(anonymous_1)",
        "decl": { "start": { "line": 5, "column": 24 }, "end": { "line": 5, "column": 39 } },
        "loc": { "start": { "line": 5, "column": 39 }, "end": { "line": 5, "column": 49 } },
        "line": 5
      },
      "2": {
        "name": "(anonymous_2)",
        "decl": { "start": { "line": 6, "column": 2 }, "end": { "line": 6, "column": 18 } },
        "loc": { "start": { "line": 6, "column": 18 }, "end": { "line": 12, "column": 5 } },
        "line": 6
      },
      "3": {
        "name": "tick",
        "decl": { "start": { "line": 7, "column": 47 }, "end": { "line": 7, "column": 54 } },
        "loc": { "start": { "line": 7, "column": 54 }, "end": { "line": 10, "column": 5 } },
        "line": 7
      },
      "4": {
        "name": "(anonymous_4)",
        "decl": { "start": { "line": 11, "column": 4 }, "end": { "line": 11, "column": 17 } },
        "loc": { "start": { "line": 11, "column": 17 }, "end": { "line": 11, "column": null } },
        "line": 11
      }
    },
    "branchMap": {},
    "s": { "0": 38, "1": 7, "2": 38, "3": 7, "4": 14, "5": 14, "6": 7, "7": 7, "8": 38 },
    "f": { "0": 38, "1": 7, "2": 7, "3": 14, "4": 7 },
    "b": {},
    "meta": {
      "lastBranch": 0,
      "lastFunction": 5,
      "lastStatement": 9,
      "seen": {
        "f:4:16:4:31": 0,
        "s:5:24:5:Infinity": 0,
        "f:5:24:5:39": 1,
        "s:5:39:5:49": 1,
        "s:6:2:12:Infinity": 2,
        "f:6:2:6:18": 2,
        "s:7:16:10:Infinity": 3,
        "f:7:47:7:54": 3,
        "s:8:6:8:Infinity": 4,
        "s:9:6:9:Infinity": 5,
        "s:11:4:11:Infinity": 6,
        "f:11:4:11:17": 4,
        "s:11:17:11:Infinity": 7,
        "s:13:2:13:Infinity": 8
      },
      "fnNames": {}
    }
  },
  "/Users/vlumi/src/vlumi/nebulosa/src/useSmoothedTime.ts": {
    "path": "/Users/vlumi/src/vlumi/nebulosa/src/useSmoothedTime.ts",
    "statementMap": {
      "0": { "start": { "line": 6, "column": 36 }, "end": { "line": 6, "column": null } },
      "1": { "start": { "line": 7, "column": 17 }, "end": { "line": 7, "column": null } },
      "2": { "start": { "line": 9, "column": 2 }, "end": { "line": 11, "column": null } },
      "3": { "start": { "line": 10, "column": 4 }, "end": { "line": 10, "column": null } },
      "4": { "start": { "line": 13, "column": 2 }, "end": { "line": 26, "column": null } },
      "5": { "start": { "line": 14, "column": 18 }, "end": { "line": 14, "column": null } },
      "6": { "start": { "line": 15, "column": 15 }, "end": { "line": 15, "column": null } },
      "7": { "start": { "line": 16, "column": 16 }, "end": { "line": 24, "column": null } },
      "8": { "start": { "line": 17, "column": 19 }, "end": { "line": 17, "column": null } },
      "9": { "start": { "line": 18, "column": 6 }, "end": { "line": 18, "column": null } },
      "10": { "start": { "line": 19, "column": 6 }, "end": { "line": 22, "column": null } },
      "11": { "start": { "line": 20, "column": 8 }, "end": { "line": 20, "column": null } },
      "12": { "start": { "line": 21, "column": 8 }, "end": { "line": 21, "column": null } },
      "13": { "start": { "line": 23, "column": 6 }, "end": { "line": 23, "column": null } },
      "14": { "start": { "line": 25, "column": 4 }, "end": { "line": 25, "column": null } },
      "15": { "start": { "line": 25, "column": 17 }, "end": { "line": 25, "column": null } },
      "16": { "start": { "line": 28, "column": 2 }, "end": { "line": 28, "column": null } },
      "17": { "start": { "line": 28, "column": 23 }, "end": { "line": 28, "column": 44 } }
    },
    "fnMap": {
      "0": {
        "name": "useSmoothedTime",
        "decl": { "start": { "line": 5, "column": 16 }, "end": { "line": 5, "column": 32 } },
        "loc": { "start": { "line": 5, "column": 56 }, "end": { "line": 29, "column": null } },
        "line": 5
      },
      "1": {
        "name": "(anonymous_1)",
        "decl": { "start": { "line": 9, "column": 2 }, "end": { "line": 9, "column": 18 } },
        "loc": { "start": { "line": 9, "column": 18 }, "end": { "line": 11, "column": 5 } },
        "line": 9
      },
      "2": {
        "name": "(anonymous_2)",
        "decl": { "start": { "line": 13, "column": 2 }, "end": { "line": 13, "column": 18 } },
        "loc": { "start": { "line": 13, "column": 18 }, "end": { "line": 26, "column": 5 } },
        "line": 13
      },
      "3": {
        "name": "step",
        "decl": { "start": { "line": 16, "column": 47 }, "end": { "line": 16, "column": 52 } },
        "loc": { "start": { "line": 16, "column": 55 }, "end": { "line": 24, "column": 5 } },
        "line": 16
      },
      "4": {
        "name": "(anonymous_4)",
        "decl": { "start": { "line": 25, "column": 4 }, "end": { "line": 25, "column": 17 } },
        "loc": { "start": { "line": 25, "column": 17 }, "end": { "line": 25, "column": null } },
        "line": 25
      },
      "5": {
        "name": "(anonymous_5)",
        "decl": { "start": { "line": 28, "column": 9 }, "end": { "line": 28, "column": 23 } },
        "loc": { "start": { "line": 28, "column": 23 }, "end": { "line": 28, "column": 44 } },
        "line": 28
      }
    },
    "branchMap": {
      "0": {
        "loc": { "start": { "line": 19, "column": 6 }, "end": { "line": 22, "column": null } },
        "type": "if",
        "locations": [
          { "start": { "line": 19, "column": 6 }, "end": { "line": 22, "column": null } },
          { "start": {}, "end": {} }
        ],
        "line": 19
      }
    },
    "s": {
      "0": 38,
      "1": 38,
      "2": 38,
      "3": 22,
      "4": 38,
      "5": 7,
      "6": 7,
      "7": 7,
      "8": 14,
      "9": 14,
      "10": 14,
      "11": 8,
      "12": 8,
      "13": 14,
      "14": 7,
      "15": 7,
      "16": 38,
      "17": 15
    },
    "f": { "0": 38, "1": 22, "2": 7, "3": 14, "4": 7, "5": 15 },
    "b": { "0": [8, 6] },
    "meta": {
      "lastBranch": 1,
      "lastFunction": 6,
      "lastStatement": 18,
      "seen": {
        "f:5:16:5:32": 0,
        "s:6:36:6:Infinity": 0,
        "s:7:17:7:Infinity": 1,
        "s:9:2:11:Infinity": 2,
        "f:9:2:9:18": 1,
        "s:10:4:10:Infinity": 3,
        "s:13:2:26:Infinity": 4,
        "f:13:2:13:18": 2,
        "s:14:18:14:Infinity": 5,
        "s:15:15:15:Infinity": 6,
        "s:16:16:24:Infinity": 7,
        "f:16:47:16:52": 3,
        "s:17:19:17:Infinity": 8,
        "s:18:6:18:Infinity": 9,
        "b:19:6:22:Infinity:undefined:undefined:undefined:undefined": 0,
        "s:19:6:22:Infinity": 10,
        "s:20:8:20:Infinity": 11,
        "s:21:8:21:Infinity": 12,
        "s:23:6:23:Infinity": 13,
        "s:25:4:25:Infinity": 14,
        "f:25:4:25:17": 4,
        "s:25:17:25:Infinity": 15,
        "s:28:2:28:Infinity": 16,
        "f:28:9:28:23": 5,
        "s:28:23:28:44": 17
      },
      "fnNames": {}
    }
  },
  "/Users/vlumi/src/vlumi/nebulosa/src/useThrottled.ts": {
    "path": "/Users/vlumi/src/vlumi/nebulosa/src/useThrottled.ts",
    "statementMap": {
      "0": { "start": { "line": 5, "column": 34 }, "end": { "line": 5, "column": null } },
      "1": { "start": { "line": 6, "column": 21 }, "end": { "line": 6, "column": null } },
      "2": { "start": { "line": 8, "column": 2 }, "end": { "line": 15, "column": null } },
      "3": { "start": { "line": 9, "column": 17 }, "end": { "line": 9, "column": null } },
      "4": { "start": { "line": 10, "column": 15 }, "end": { "line": 13, "column": null } },
      "5": { "start": { "line": 11, "column": 6 }, "end": { "line": 11, "column": null } },
      "6": { "start": { "line": 12, "column": 6 }, "end": { "line": 12, "column": null } },
      "7": { "start": { "line": 14, "column": 4 }, "end": { "line": 14, "column": null } },
      "8": { "start": { "line": 14, "column": 17 }, "end": { "line": 14, "column": null } },
      "9": { "start": { "line": 17, "column": 2 }, "end": { "line": 17, "column": null } }
    },
    "fnMap": {
      "0": {
        "name": "useThrottled",
        "decl": { "start": { "line": 4, "column": 16 }, "end": { "line": 4, "column": 32 } },
        "loc": { "start": { "line": 4, "column": 68 }, "end": { "line": 18, "column": null } },
        "line": 4
      },
      "1": {
        "name": "(anonymous_1)",
        "decl": { "start": { "line": 8, "column": 2 }, "end": { "line": 8, "column": 18 } },
        "loc": { "start": { "line": 8, "column": 18 }, "end": { "line": 15, "column": 5 } },
        "line": 8
      },
      "2": {
        "name": "(anonymous_2)",
        "decl": { "start": { "line": 10, "column": 15 }, "end": { "line": 10, "column": 32 } },
        "loc": { "start": { "line": 10, "column": 32 }, "end": { "line": 13, "column": 7 } },
        "line": 10
      },
      "3": {
        "name": "(anonymous_3)",
        "decl": { "start": { "line": 14, "column": 4 }, "end": { "line": 14, "column": 17 } },
        "loc": { "start": { "line": 14, "column": 17 }, "end": { "line": 14, "column": null } },
        "line": 14
      }
    },
    "branchMap": {},
    "s": { "0": 48, "1": 48, "2": 48, "3": 11, "4": 11, "5": 7, "6": 7, "7": 11, "8": 11, "9": 48 },
    "f": { "0": 48, "1": 11, "2": 7, "3": 11 },
    "b": {},
    "meta": {
      "lastBranch": 0,
      "lastFunction": 4,
      "lastStatement": 10,
      "seen": {
        "f:4:16:4:32": 0,
        "s:5:34:5:Infinity": 0,
        "s:6:21:6:Infinity": 1,
        "s:8:2:15:Infinity": 2,
        "f:8:2:8:18": 1,
        "s:9:17:9:Infinity": 3,
        "s:10:15:13:Infinity": 4,
        "f:10:15:10:32": 2,
        "s:11:6:11:Infinity": 5,
        "s:12:6:12:Infinity": 6,
        "s:14:4:14:Infinity": 7,
        "f:14:4:14:17": 3,
        "s:14:17:14:Infinity": 8,
        "s:17:2:17:Infinity": 9
      },
      "fnNames": {}
    }
  }
}
